#! /home1/c/cis5710/tools/bin/vvp
:ivl_version "11.0 (stable)" "(v11_0)";
:ivl_delay_selection "TYPICAL";
:vpi_time_precision - 12;
:vpi_module "/home1/c/cis5710/tools/lib/ivl/system.vpi";
:vpi_module "/home1/c/cis5710/tools/lib/ivl/vhdl_sys.vpi";
:vpi_module "/home1/c/cis5710/tools/lib/ivl/vhdl_textio.vpi";
:vpi_module "/home1/c/cis5710/tools/lib/ivl/v2005_math.vpi";
:vpi_module "/home1/c/cis5710/tools/lib/ivl/va_math.vpi";
S_0x25932c0 .scope module, "test_regfile" "test_regfile" 2 16;
 .timescale -9 -12;
v0x25ef380_0 .var "clk", 0 0;
v0x25ef440_0 .var/i "errors", 31 0;
v0x25ef520_0 .var "expectedValue1", 15 0;
v0x25ef610_0 .var "expectedValue2", 15 0;
v0x25ef6f0_0 .var "gwe", 0 0;
v0x25ef790_0 .var/i "input_file", 31 0;
v0x25ef870_0 .var/i "output_file", 31 0;
v0x25ef950_0 .var "rd", 2 0;
v0x25efa60_0 .var "rs", 2 0;
v0x25efb20_0 .net "rs_data", 15 0, L_0x25f3c60;  1 drivers
v0x25efc30_0 .var "rst", 0 0;
v0x25efcd0_0 .var "rt", 2 0;
v0x25efde0_0 .net "rt_data", 15 0, L_0x25f4db0;  1 drivers
v0x25efef0_0 .var/i "tests", 31 0;
v0x25effd0_0 .var "wdata", 15 0;
v0x25f0090_0 .var "wen", 0 0;
S_0x2593450 .scope task, "printPoints" "printPoints" 3 1, 3 1 0, S_0x25932c0;
 .timescale -9 -12;
v0x25b0780_0 .var "actual", 31 0;
v0x25af2e0_0 .var "possible", 31 0;
TD_test_regfile.printPoints ;
    %vpi_call 3 4 "$display", "<scorePossible>%d</scorePossible>", v0x25af2e0_0 {0 0 0};
    %vpi_call 3 5 "$display", "<scoreActual>%d</scoreActual>", v0x25b0780_0 {0 0 0};
    %end;
S_0x25e27e0 .scope module, "regfile" "lc4_regfile" 2 41, 4 14 0, S_0x25932c0;
 .timescale -9 -12;
    .port_info 0 /INPUT 1 "clk";
    .port_info 1 /INPUT 1 "gwe";
    .port_info 2 /INPUT 1 "rst";
    .port_info 3 /INPUT 3 "i_rs";
    .port_info 4 /OUTPUT 16 "o_rs_data";
    .port_info 5 /INPUT 3 "i_rt";
    .port_info 6 /OUTPUT 16 "o_rt_data";
    .port_info 7 /INPUT 3 "i_rd";
    .port_info 8 /INPUT 16 "i_wdata";
    .port_info 9 /INPUT 1 "i_rd_we";
P_0x25e29e0 .param/l "n" 0 4 14, +C4<00000000000000000000000000010000>;
L_0x25add20 .functor AND 1, L_0x25f18c0, v0x25f0090_0, C4<1>, C4<1>;
L_0x25ab3e0 .functor AND 1, L_0x25f1a50, v0x25f0090_0, C4<1>, C4<1>;
L_0x25c3ab0 .functor AND 1, L_0x25f1bd0, v0x25f0090_0, C4<1>, C4<1>;
L_0x25f1210 .functor AND 1, L_0x25f1e30, v0x25f0090_0, C4<1>, C4<1>;
L_0x25f20c0 .functor AND 1, L_0x25f2020, v0x25f0090_0, C4<1>, C4<1>;
L_0x25f23b0 .functor AND 1, L_0x25f22d0, v0x25f0090_0, C4<1>, C4<1>;
L_0x25f2720 .functor AND 1, L_0x25f2680, v0x25f0090_0, C4<1>, C4<1>;
L_0x25f2aa0 .functor AND 1, L_0x25f29b0, v0x25f0090_0, C4<1>, C4<1>;
v0x25ed7c0_0 .net *"_ivl_1", 0 0, L_0x25f18c0;  1 drivers
v0x25ed8c0_0 .net *"_ivl_13", 0 0, L_0x25f1e30;  1 drivers
v0x25ed9a0_0 .net *"_ivl_17", 0 0, L_0x25f2020;  1 drivers
v0x25eda60_0 .net *"_ivl_21", 0 0, L_0x25f22d0;  1 drivers
v0x25edb40_0 .net *"_ivl_25", 0 0, L_0x25f2680;  1 drivers
v0x25edc70_0 .net *"_ivl_29", 0 0, L_0x25f29b0;  1 drivers
v0x25edd50_0 .net *"_ivl_5", 0 0, L_0x25f1a50;  1 drivers
v0x25ede30_0 .net *"_ivl_9", 0 0, L_0x25f1bd0;  1 drivers
v0x25edf10_0 .net "clk", 0 0, v0x25ef380_0;  1 drivers
v0x25ee0c0_0 .net "gwe", 0 0, v0x25ef6f0_0;  1 drivers
v0x25ee270_0 .net "i_rd", 2 0, v0x25ef950_0;  1 drivers
v0x25ee330_0 .net "i_rd_we", 0 0, v0x25f0090_0;  1 drivers
v0x25ee3d0_0 .net "i_rs", 2 0, v0x25efa60_0;  1 drivers
v0x25ee490_0 .net "i_rt", 2 0, v0x25efcd0_0;  1 drivers
v0x25ee560_0 .net "i_wdata", 15 0, v0x25effd0_0;  1 drivers
v0x25ee710_0 .net "o_rs_data", 15 0, L_0x25f3c60;  alias, 1 drivers
v0x25ee800_0 .net "o_rt_data", 15 0, L_0x25f4db0;  alias, 1 drivers
v0x25ee9e0_0 .net "r0v", 15 0, L_0x25af1c0;  1 drivers
v0x25eea80_0 .net "r1v", 15 0, L_0x25ac880;  1 drivers
v0x25eeb40_0 .net "r2v", 15 0, L_0x25c38b0;  1 drivers
v0x25eec00_0 .net "r3v", 15 0, L_0x25c3b20;  1 drivers
v0x25eecc0_0 .net "r4v", 15 0, L_0x25f1ed0;  1 drivers
v0x25eed80_0 .net "r5v", 15 0, L_0x25f2180;  1 drivers
v0x25eee40_0 .net "r6v", 15 0, L_0x25f24b0;  1 drivers
v0x25eef00_0 .net "r7v", 15 0, L_0x25f27e0;  1 drivers
v0x25eefc0_0 .net "regWriteSelectors", 7 0, L_0x25f1500;  1 drivers
v0x25ef0b0_0 .net "rst", 0 0, v0x25efc30_0;  1 drivers
L_0x25f18c0 .part L_0x25f1500, 0, 1;
L_0x25f1a50 .part L_0x25f1500, 1, 1;
L_0x25f1bd0 .part L_0x25f1500, 2, 1;
L_0x25f1e30 .part L_0x25f1500, 3, 1;
L_0x25f2020 .part L_0x25f1500, 4, 1;
L_0x25f22d0 .part L_0x25f1500, 5, 1;
L_0x25f2680 .part L_0x25f1500, 6, 1;
L_0x25f29b0 .part L_0x25f1500, 7, 1;
S_0x25e2b80 .scope module, "dec" "decoder_3_to_8" 4 35, 4 69 0, S_0x25e27e0;
 .timescale -9 -12;
    .port_info 0 /INPUT 3 "rdsel";
    .port_info 1 /OUTPUT 8 "writeSelectors";
L_0x7f6c160d3018 .functor BUFT 1, C4<000>, C4<0>, C4<0>, C4<0>;
v0x25ade40_0 .net/2u *"_ivl_0", 2 0, L_0x7f6c160d3018;  1 drivers
L_0x7f6c160d30f0 .functor BUFT 1, C4<00000010>, C4<0>, C4<0>, C4<0>;
v0x25ac9a0_0 .net/2u *"_ivl_10", 7 0, L_0x7f6c160d30f0;  1 drivers
L_0x7f6c160d3138 .functor BUFT 1, C4<010>, C4<0>, C4<0>, C4<0>;
v0x25ab500_0 .net/2u *"_ivl_12", 2 0, L_0x7f6c160d3138;  1 drivers
v0x25c3d20_0 .net *"_ivl_14", 0 0, L_0x25f0340;  1 drivers
L_0x7f6c160d3180 .functor BUFT 1, C4<00000100>, C4<0>, C4<0>, C4<0>;
v0x25c3dc0_0 .net/2u *"_ivl_16", 7 0, L_0x7f6c160d3180;  1 drivers
L_0x7f6c160d31c8 .functor BUFT 1, C4<011>, C4<0>, C4<0>, C4<0>;
v0x25e2ef0_0 .net/2u *"_ivl_18", 2 0, L_0x7f6c160d31c8;  1 drivers
v0x25e2fd0_0 .net *"_ivl_2", 0 0, L_0x25f0130;  1 drivers
v0x25e3090_0 .net *"_ivl_20", 0 0, L_0x25f0460;  1 drivers
L_0x7f6c160d3210 .functor BUFT 1, C4<00001000>, C4<0>, C4<0>, C4<0>;
v0x25e3150_0 .net/2u *"_ivl_22", 7 0, L_0x7f6c160d3210;  1 drivers
L_0x7f6c160d3258 .functor BUFT 1, C4<100>, C4<0>, C4<0>, C4<0>;
v0x25e3230_0 .net/2u *"_ivl_24", 2 0, L_0x7f6c160d3258;  1 drivers
v0x25e3310_0 .net *"_ivl_26", 0 0, L_0x25f05e0;  1 drivers
L_0x7f6c160d32a0 .functor BUFT 1, C4<00010000>, C4<0>, C4<0>, C4<0>;
v0x25e33d0_0 .net/2u *"_ivl_28", 7 0, L_0x7f6c160d32a0;  1 drivers
L_0x7f6c160d32e8 .functor BUFT 1, C4<101>, C4<0>, C4<0>, C4<0>;
v0x25e34b0_0 .net/2u *"_ivl_30", 2 0, L_0x7f6c160d32e8;  1 drivers
v0x25e3590_0 .net *"_ivl_32", 0 0, L_0x25f06e0;  1 drivers
L_0x7f6c160d3330 .functor BUFT 1, C4<00100000>, C4<0>, C4<0>, C4<0>;
v0x25e3650_0 .net/2u *"_ivl_34", 7 0, L_0x7f6c160d3330;  1 drivers
L_0x7f6c160d3378 .functor BUFT 1, C4<110>, C4<0>, C4<0>, C4<0>;
v0x25e3730_0 .net/2u *"_ivl_36", 2 0, L_0x7f6c160d3378;  1 drivers
v0x25e3810_0 .net *"_ivl_38", 0 0, L_0x25f0950;  1 drivers
L_0x7f6c160d3060 .functor BUFT 1, C4<00000001>, C4<0>, C4<0>, C4<0>;
v0x25e38d0_0 .net/2u *"_ivl_4", 7 0, L_0x7f6c160d3060;  1 drivers
L_0x7f6c160d33c0 .functor BUFT 1, C4<01000000>, C4<0>, C4<0>, C4<0>;
v0x25e39b0_0 .net/2u *"_ivl_40", 7 0, L_0x7f6c160d33c0;  1 drivers
L_0x7f6c160d3408 .functor BUFT 1, C4<10000000>, C4<0>, C4<0>, C4<0>;
v0x25e3a90_0 .net/2u *"_ivl_42", 7 0, L_0x7f6c160d3408;  1 drivers
v0x25e3b70_0 .net *"_ivl_44", 7 0, L_0x25f0aa0;  1 drivers
v0x25e3c50_0 .net *"_ivl_46", 7 0, L_0x25f0cb0;  1 drivers
v0x25e3d30_0 .net *"_ivl_48", 7 0, L_0x25f0e40;  1 drivers
v0x25e3e10_0 .net *"_ivl_50", 7 0, L_0x25f0fe0;  1 drivers
v0x25e3ef0_0 .net *"_ivl_52", 7 0, L_0x25f1170;  1 drivers
v0x25e3fd0_0 .net *"_ivl_54", 7 0, L_0x25f1370;  1 drivers
L_0x7f6c160d30a8 .functor BUFT 1, C4<001>, C4<0>, C4<0>, C4<0>;
v0x25e40b0_0 .net/2u *"_ivl_6", 2 0, L_0x7f6c160d30a8;  1 drivers
v0x25e4190_0 .net *"_ivl_8", 0 0, L_0x25f0220;  1 drivers
v0x25e4250_0 .net "rdsel", 2 0, v0x25ef950_0;  alias, 1 drivers
v0x25e4330_0 .net "writeSelectors", 7 0, L_0x25f1500;  alias, 1 drivers
L_0x25f0130 .cmp/eq 3, v0x25ef950_0, L_0x7f6c160d3018;
L_0x25f0220 .cmp/eq 3, v0x25ef950_0, L_0x7f6c160d30a8;
L_0x25f0340 .cmp/eq 3, v0x25ef950_0, L_0x7f6c160d3138;
L_0x25f0460 .cmp/eq 3, v0x25ef950_0, L_0x7f6c160d31c8;
L_0x25f05e0 .cmp/eq 3, v0x25ef950_0, L_0x7f6c160d3258;
L_0x25f06e0 .cmp/eq 3, v0x25ef950_0, L_0x7f6c160d32e8;
L_0x25f0950 .cmp/eq 3, v0x25ef950_0, L_0x7f6c160d3378;
L_0x25f0aa0 .functor MUXZ 8, L_0x7f6c160d3408, L_0x7f6c160d33c0, L_0x25f0950, C4<>;
L_0x25f0cb0 .functor MUXZ 8, L_0x25f0aa0, L_0x7f6c160d3330, L_0x25f06e0, C4<>;
L_0x25f0e40 .functor MUXZ 8, L_0x25f0cb0, L_0x7f6c160d32a0, L_0x25f05e0, C4<>;
L_0x25f0fe0 .functor MUXZ 8, L_0x25f0e40, L_0x7f6c160d3210, L_0x25f0460, C4<>;
L_0x25f1170 .functor MUXZ 8, L_0x25f0fe0, L_0x7f6c160d3180, L_0x25f0340, C4<>;
L_0x25f1370 .functor MUXZ 8, L_0x25f1170, L_0x7f6c160d30f0, L_0x25f0220, C4<>;
L_0x25f1500 .functor MUXZ 8, L_0x25f1370, L_0x7f6c160d3060, L_0x25f0130, C4<>;
S_0x25e4470 .scope module, "mux1" "Nbit_mux8to1" 4 46, 4 53 0, S_0x25e27e0;
 .timescale -9 -12;
    .port_info 0 /INPUT 3 "sel";
    .port_info 1 /OUTPUT 16 "out";
    .port_info 2 /INPUT 16 "in0";
    .port_info 3 /INPUT 16 "in1";
    .port_info 4 /INPUT 16 "in2";
    .port_info 5 /INPUT 16 "in3";
    .port_info 6 /INPUT 16 "in4";
    .port_info 7 /INPUT 16 "in5";
    .port_info 8 /INPUT 16 "in6";
    .port_info 9 /INPUT 16 "in7";
P_0x25e4600 .param/l "n" 0 4 53, +C4<00000000000000000000000000010000>;
L_0x7f6c160d3450 .functor BUFT 1, C4<000>, C4<0>, C4<0>, C4<0>;
v0x25e47a0_0 .net/2u *"_ivl_0", 2 0, L_0x7f6c160d3450;  1 drivers
v0x25e4880_0 .net *"_ivl_10", 0 0, L_0x25f2d70;  1 drivers
L_0x7f6c160d3528 .functor BUFT 1, C4<011>, C4<0>, C4<0>, C4<0>;
v0x25e4940_0 .net/2u *"_ivl_12", 2 0, L_0x7f6c160d3528;  1 drivers
v0x25e4a00_0 .net *"_ivl_14", 0 0, L_0x25f2e90;  1 drivers
L_0x7f6c160d3570 .functor BUFT 1, C4<100>, C4<0>, C4<0>, C4<0>;
v0x25e4ac0_0 .net/2u *"_ivl_16", 2 0, L_0x7f6c160d3570;  1 drivers
v0x25e4bf0_0 .net *"_ivl_18", 0 0, L_0x25f2fe0;  1 drivers
v0x25e4cb0_0 .net *"_ivl_2", 0 0, L_0x25f2bb0;  1 drivers
L_0x7f6c160d35b8 .functor BUFT 1, C4<101>, C4<0>, C4<0>, C4<0>;
v0x25e4d70_0 .net/2u *"_ivl_20", 2 0, L_0x7f6c160d35b8;  1 drivers
v0x25e4e50_0 .net *"_ivl_22", 0 0, L_0x25f3100;  1 drivers
L_0x7f6c160d3600 .functor BUFT 1, C4<110>, C4<0>, C4<0>, C4<0>;
v0x25e4f10_0 .net/2u *"_ivl_24", 2 0, L_0x7f6c160d3600;  1 drivers
v0x25e4ff0_0 .net *"_ivl_26", 0 0, L_0x25f3370;  1 drivers
v0x25e50b0_0 .net *"_ivl_28", 15 0, L_0x25f3460;  1 drivers
v0x25e5190_0 .net *"_ivl_30", 15 0, L_0x25f35a0;  1 drivers
v0x25e5270_0 .net *"_ivl_32", 15 0, L_0x25f36e0;  1 drivers
v0x25e5350_0 .net *"_ivl_34", 15 0, L_0x25f3830;  1 drivers
v0x25e5430_0 .net *"_ivl_36", 15 0, L_0x25f3970;  1 drivers
v0x25e5510_0 .net *"_ivl_38", 15 0, L_0x25f3b20;  1 drivers
L_0x7f6c160d3498 .functor BUFT 1, C4<001>, C4<0>, C4<0>, C4<0>;
v0x25e55f0_0 .net/2u *"_ivl_4", 2 0, L_0x7f6c160d3498;  1 drivers
v0x25e56d0_0 .net *"_ivl_6", 0 0, L_0x25f2ca0;  1 drivers
L_0x7f6c160d34e0 .functor BUFT 1, C4<010>, C4<0>, C4<0>, C4<0>;
v0x25e5790_0 .net/2u *"_ivl_8", 2 0, L_0x7f6c160d34e0;  1 drivers
v0x25e5870_0 .net "in0", 15 0, L_0x25af1c0;  alias, 1 drivers
v0x25e5950_0 .net "in1", 15 0, L_0x25ac880;  alias, 1 drivers
v0x25e5a30_0 .net "in2", 15 0, L_0x25c38b0;  alias, 1 drivers
v0x25e5b10_0 .net "in3", 15 0, L_0x25c3b20;  alias, 1 drivers
v0x25e5bf0_0 .net "in4", 15 0, L_0x25f1ed0;  alias, 1 drivers
v0x25e5cd0_0 .net "in5", 15 0, L_0x25f2180;  alias, 1 drivers
v0x25e5db0_0 .net "in6", 15 0, L_0x25f24b0;  alias, 1 drivers
v0x25e5e90_0 .net "in7", 15 0, L_0x25f27e0;  alias, 1 drivers
v0x25e5f70_0 .net "out", 15 0, L_0x25f3c60;  alias, 1 drivers
v0x25e6050_0 .net "sel", 2 0, v0x25efa60_0;  alias, 1 drivers
L_0x25f2bb0 .cmp/eq 3, v0x25efa60_0, L_0x7f6c160d3450;
L_0x25f2ca0 .cmp/eq 3, v0x25efa60_0, L_0x7f6c160d3498;
L_0x25f2d70 .cmp/eq 3, v0x25efa60_0, L_0x7f6c160d34e0;
L_0x25f2e90 .cmp/eq 3, v0x25efa60_0, L_0x7f6c160d3528;
L_0x25f2fe0 .cmp/eq 3, v0x25efa60_0, L_0x7f6c160d3570;
L_0x25f3100 .cmp/eq 3, v0x25efa60_0, L_0x7f6c160d35b8;
L_0x25f3370 .cmp/eq 3, v0x25efa60_0, L_0x7f6c160d3600;
L_0x25f3460 .functor MUXZ 16, L_0x25f27e0, L_0x25f24b0, L_0x25f3370, C4<>;
L_0x25f35a0 .functor MUXZ 16, L_0x25f3460, L_0x25f2180, L_0x25f3100, C4<>;
L_0x25f36e0 .functor MUXZ 16, L_0x25f35a0, L_0x25f1ed0, L_0x25f2fe0, C4<>;
L_0x25f3830 .functor MUXZ 16, L_0x25f36e0, L_0x25c3b20, L_0x25f2e90, C4<>;
L_0x25f3970 .functor MUXZ 16, L_0x25f3830, L_0x25c38b0, L_0x25f2d70, C4<>;
L_0x25f3b20 .functor MUXZ 16, L_0x25f3970, L_0x25ac880, L_0x25f2ca0, C4<>;
L_0x25f3c60 .functor MUXZ 16, L_0x25f3b20, L_0x25af1c0, L_0x25f2bb0, C4<>;
S_0x25e62d0 .scope module, "mux2" "Nbit_mux8to1" 4 48, 4 53 0, S_0x25e27e0;
 .timescale -9 -12;
    .port_info 0 /INPUT 3 "sel";
    .port_info 1 /OUTPUT 16 "out";
    .port_info 2 /INPUT 16 "in0";
    .port_info 3 /INPUT 16 "in1";
    .port_info 4 /INPUT 16 "in2";
    .port_info 5 /INPUT 16 "in3";
    .port_info 6 /INPUT 16 "in4";
    .port_info 7 /INPUT 16 "in5";
    .port_info 8 /INPUT 16 "in6";
    .port_info 9 /INPUT 16 "in7";
P_0x25e6460 .param/l "n" 0 4 53, +C4<00000000000000000000000000010000>;
L_0x7f6c160d3648 .functor BUFT 1, C4<000>, C4<0>, C4<0>, C4<0>;
v0x25e6600_0 .net/2u *"_ivl_0", 2 0, L_0x7f6c160d3648;  1 drivers
v0x25e66e0_0 .net *"_ivl_10", 0 0, L_0x25f3fb0;  1 drivers
L_0x7f6c160d3720 .functor BUFT 1, C4<011>, C4<0>, C4<0>, C4<0>;
v0x25e67a0_0 .net/2u *"_ivl_12", 2 0, L_0x7f6c160d3720;  1 drivers
v0x25e6860_0 .net *"_ivl_14", 0 0, L_0x25f40a0;  1 drivers
L_0x7f6c160d3768 .functor BUFT 1, C4<100>, C4<0>, C4<0>, C4<0>;
v0x25e6920_0 .net/2u *"_ivl_16", 2 0, L_0x7f6c160d3768;  1 drivers
v0x25e6a50_0 .net *"_ivl_18", 0 0, L_0x25f4190;  1 drivers
v0x25e6b10_0 .net *"_ivl_2", 0 0, L_0x25f3e20;  1 drivers
L_0x7f6c160d37b0 .functor BUFT 1, C4<101>, C4<0>, C4<0>, C4<0>;
v0x25e6bd0_0 .net/2u *"_ivl_20", 2 0, L_0x7f6c160d37b0;  1 drivers
v0x25e6cb0_0 .net *"_ivl_22", 0 0, L_0x25f4280;  1 drivers
L_0x7f6c160d37f8 .functor BUFT 1, C4<110>, C4<0>, C4<0>, C4<0>;
v0x25e6d70_0 .net/2u *"_ivl_24", 2 0, L_0x7f6c160d37f8;  1 drivers
v0x25e6e50_0 .net *"_ivl_26", 0 0, L_0x25f44c0;  1 drivers
v0x25e6f10_0 .net *"_ivl_28", 15 0, L_0x25f45b0;  1 drivers
v0x25e6ff0_0 .net *"_ivl_30", 15 0, L_0x25f46f0;  1 drivers
v0x25e70d0_0 .net *"_ivl_32", 15 0, L_0x25f4830;  1 drivers
v0x25e71b0_0 .net *"_ivl_34", 15 0, L_0x25f4980;  1 drivers
v0x25e7290_0 .net *"_ivl_36", 15 0, L_0x25f4ac0;  1 drivers
v0x25e7370_0 .net *"_ivl_38", 15 0, L_0x25f4c70;  1 drivers
L_0x7f6c160d3690 .functor BUFT 1, C4<001>, C4<0>, C4<0>, C4<0>;
v0x25e7560_0 .net/2u *"_ivl_4", 2 0, L_0x7f6c160d3690;  1 drivers
v0x25e7640_0 .net *"_ivl_6", 0 0, L_0x25f3f10;  1 drivers
L_0x7f6c160d36d8 .functor BUFT 1, C4<010>, C4<0>, C4<0>, C4<0>;
v0x25e7700_0 .net/2u *"_ivl_8", 2 0, L_0x7f6c160d36d8;  1 drivers
v0x25e77e0_0 .net "in0", 15 0, L_0x25af1c0;  alias, 1 drivers
v0x25e78a0_0 .net "in1", 15 0, L_0x25ac880;  alias, 1 drivers
v0x25e7970_0 .net "in2", 15 0, L_0x25c38b0;  alias, 1 drivers
v0x25e7a40_0 .net "in3", 15 0, L_0x25c3b20;  alias, 1 drivers
v0x25e7b10_0 .net "in4", 15 0, L_0x25f1ed0;  alias, 1 drivers
v0x25e7be0_0 .net "in5", 15 0, L_0x25f2180;  alias, 1 drivers
v0x25e7cb0_0 .net "in6", 15 0, L_0x25f24b0;  alias, 1 drivers
v0x25e7d80_0 .net "in7", 15 0, L_0x25f27e0;  alias, 1 drivers
v0x25e7e50_0 .net "out", 15 0, L_0x25f4db0;  alias, 1 drivers
v0x25e7f10_0 .net "sel", 2 0, v0x25efcd0_0;  alias, 1 drivers
L_0x25f3e20 .cmp/eq 3, v0x25efcd0_0, L_0x7f6c160d3648;
L_0x25f3f10 .cmp/eq 3, v0x25efcd0_0, L_0x7f6c160d3690;
L_0x25f3fb0 .cmp/eq 3, v0x25efcd0_0, L_0x7f6c160d36d8;
L_0x25f40a0 .cmp/eq 3, v0x25efcd0_0, L_0x7f6c160d3720;
L_0x25f4190 .cmp/eq 3, v0x25efcd0_0, L_0x7f6c160d3768;
L_0x25f4280 .cmp/eq 3, v0x25efcd0_0, L_0x7f6c160d37b0;
L_0x25f44c0 .cmp/eq 3, v0x25efcd0_0, L_0x7f6c160d37f8;
L_0x25f45b0 .functor MUXZ 16, L_0x25f27e0, L_0x25f24b0, L_0x25f44c0, C4<>;
L_0x25f46f0 .functor MUXZ 16, L_0x25f45b0, L_0x25f2180, L_0x25f4280, C4<>;
L_0x25f4830 .functor MUXZ 16, L_0x25f46f0, L_0x25f1ed0, L_0x25f4190, C4<>;
L_0x25f4980 .functor MUXZ 16, L_0x25f4830, L_0x25c3b20, L_0x25f40a0, C4<>;
L_0x25f4ac0 .functor MUXZ 16, L_0x25f4980, L_0x25c38b0, L_0x25f3fb0, C4<>;
L_0x25f4c70 .functor MUXZ 16, L_0x25f4ac0, L_0x25ac880, L_0x25f3f10, C4<>;
L_0x25f4db0 .functor MUXZ 16, L_0x25f4c70, L_0x25af1c0, L_0x25f3e20, C4<>;
S_0x25e8190 .scope module, "r0" "Nbit_reg" 4 37, 5 14 0, S_0x25e27e0;
 .timescale -9 -12;
    .port_info 0 /INPUT 16 "in";
    .port_info 1 /OUTPUT 16 "out";
    .port_info 2 /INPUT 1 "clk";
    .port_info 3 /INPUT 1 "we";
    .port_info 4 /INPUT 1 "gwe";
    .port_info 5 /INPUT 1 "rst";
P_0x25be8b0 .param/l "n" 0 5 14, +C4<00000000000000000000000000010000>;
P_0x25be8f0 .param/l "r" 0 5 14, +C4<00000000000000000000000000000000>;
L_0x25af1c0/d .functor BUFZ 16, v0x25e8a40_0, C4<0000000000000000>, C4<0000000000000000>, C4<0000000000000000>;
L_0x25af1c0 .delay 16 (1000,1000,1000) L_0x25af1c0/d;
v0x25e8590_0 .net "clk", 0 0, v0x25ef380_0;  alias, 1 drivers
v0x25e8670_0 .net "gwe", 0 0, v0x25ef6f0_0;  alias, 1 drivers
v0x25e8730_0 .net "in", 15 0, v0x25effd0_0;  alias, 1 drivers
v0x25e8820_0 .net "out", 15 0, L_0x25af1c0;  alias, 1 drivers
v0x25e8930_0 .net "rst", 0 0, v0x25efc30_0;  alias, 1 drivers
v0x25e8a40_0 .var "state", 15 0;
v0x25e8b20_0 .net "we", 0 0, L_0x25add20;  1 drivers
E_0x258e780 .event posedge, v0x25e8590_0;
S_0x25e8ca0 .scope module, "r1" "Nbit_reg" 4 38, 5 14 0, S_0x25e27e0;
 .timescale -9 -12;
    .port_info 0 /INPUT 16 "in";
    .port_info 1 /OUTPUT 16 "out";
    .port_info 2 /INPUT 1 "clk";
    .port_info 3 /INPUT 1 "we";
    .port_info 4 /INPUT 1 "gwe";
    .port_info 5 /INPUT 1 "rst";
P_0x25e8370 .param/l "n" 0 5 14, +C4<00000000000000000000000000010000>;
P_0x25e83b0 .param/l "r" 0 5 14, +C4<00000000000000000000000000000000>;
L_0x25ac880/d .functor BUFZ 16, v0x25e9510_0, C4<0000000000000000>, C4<0000000000000000>, C4<0000000000000000>;
L_0x25ac880 .delay 16 (1000,1000,1000) L_0x25ac880/d;
v0x25e90a0_0 .net "clk", 0 0, v0x25ef380_0;  alias, 1 drivers
v0x25e9160_0 .net "gwe", 0 0, v0x25ef6f0_0;  alias, 1 drivers
v0x25e9230_0 .net "in", 15 0, v0x25effd0_0;  alias, 1 drivers
v0x25e9330_0 .net "out", 15 0, L_0x25ac880;  alias, 1 drivers
v0x25e9420_0 .net "rst", 0 0, v0x25efc30_0;  alias, 1 drivers
v0x25e9510_0 .var "state", 15 0;
v0x25e95b0_0 .net "we", 0 0, L_0x25ab3e0;  1 drivers
S_0x25e9710 .scope module, "r2" "Nbit_reg" 4 39, 5 14 0, S_0x25e27e0;
 .timescale -9 -12;
    .port_info 0 /INPUT 16 "in";
    .port_info 1 /OUTPUT 16 "out";
    .port_info 2 /INPUT 1 "clk";
    .port_info 3 /INPUT 1 "we";
    .port_info 4 /INPUT 1 "gwe";
    .port_info 5 /INPUT 1 "rst";
P_0x25e8f20 .param/l "n" 0 5 14, +C4<00000000000000000000000000010000>;
P_0x25e8f60 .param/l "r" 0 5 14, +C4<00000000000000000000000000000000>;
L_0x25c38b0/d .functor BUFZ 16, v0x25ea030_0, C4<0000000000000000>, C4<0000000000000000>, C4<0000000000000000>;
L_0x25c38b0 .delay 16 (1000,1000,1000) L_0x25c38b0/d;
v0x25e9af0_0 .net "clk", 0 0, v0x25ef380_0;  alias, 1 drivers
v0x25e9c00_0 .net "gwe", 0 0, v0x25ef6f0_0;  alias, 1 drivers
v0x25e9d10_0 .net "in", 15 0, v0x25effd0_0;  alias, 1 drivers
v0x25e9e00_0 .net "out", 15 0, L_0x25c38b0;  alias, 1 drivers
v0x25e9ef0_0 .net "rst", 0 0, v0x25efc30_0;  alias, 1 drivers
v0x25ea030_0 .var "state", 15 0;
v0x25ea110_0 .net "we", 0 0, L_0x25c3ab0;  1 drivers
S_0x25ea290 .scope module, "r3" "Nbit_reg" 4 40, 5 14 0, S_0x25e27e0;
 .timescale -9 -12;
    .port_info 0 /INPUT 16 "in";
    .port_info 1 /OUTPUT 16 "out";
    .port_info 2 /INPUT 1 "clk";
    .port_info 3 /INPUT 1 "we";
    .port_info 4 /INPUT 1 "gwe";
    .port_info 5 /INPUT 1 "rst";
P_0x25e9940 .param/l "n" 0 5 14, +C4<00000000000000000000000000010000>;
P_0x25e9980 .param/l "r" 0 5 14, +C4<00000000000000000000000000000000>;
L_0x25c3b20/d .functor BUFZ 16, v0x25eaa40_0, C4<0000000000000000>, C4<0000000000000000>, C4<0000000000000000>;
L_0x25c3b20 .delay 16 (1000,1000,1000) L_0x25c3b20/d;
v0x25ea640_0 .net "clk", 0 0, v0x25ef380_0;  alias, 1 drivers
v0x25ea700_0 .net "gwe", 0 0, v0x25ef6f0_0;  alias, 1 drivers
v0x25ea7c0_0 .net "in", 15 0, v0x25effd0_0;  alias, 1 drivers
v0x25ea860_0 .net "out", 15 0, L_0x25c3b20;  alias, 1 drivers
v0x25ea950_0 .net "rst", 0 0, v0x25efc30_0;  alias, 1 drivers
v0x25eaa40_0 .var "state", 15 0;
v0x25eab20_0 .net "we", 0 0, L_0x25f1210;  1 drivers
S_0x25eace0 .scope module, "r4" "Nbit_reg" 4 41, 5 14 0, S_0x25e27e0;
 .timescale -9 -12;
    .port_info 0 /INPUT 16 "in";
    .port_info 1 /OUTPUT 16 "out";
    .port_info 2 /INPUT 1 "clk";
    .port_info 3 /INPUT 1 "we";
    .port_info 4 /INPUT 1 "gwe";
    .port_info 5 /INPUT 1 "rst";
P_0x25ea4c0 .param/l "n" 0 5 14, +C4<00000000000000000000000000010000>;
P_0x25ea500 .param/l "r" 0 5 14, +C4<00000000000000000000000000000000>;
L_0x25f1ed0/d .functor BUFZ 16, v0x25eb5a0_0, C4<0000000000000000>, C4<0000000000000000>, C4<0000000000000000>;
L_0x25f1ed0 .delay 16 (1000,1000,1000) L_0x25f1ed0/d;
v0x25eb090_0 .net "clk", 0 0, v0x25ef380_0;  alias, 1 drivers
v0x25eb150_0 .net "gwe", 0 0, v0x25ef6f0_0;  alias, 1 drivers
v0x25eb2a0_0 .net "in", 15 0, v0x25effd0_0;  alias, 1 drivers
v0x25eb3d0_0 .net "out", 15 0, L_0x25f1ed0;  alias, 1 drivers
v0x25eb470_0 .net "rst", 0 0, v0x25efc30_0;  alias, 1 drivers
v0x25eb5a0_0 .var "state", 15 0;
v0x25eb680_0 .net "we", 0 0, L_0x25f20c0;  1 drivers
S_0x25eb840 .scope module, "r5" "Nbit_reg" 4 42, 5 14 0, S_0x25e27e0;
 .timescale -9 -12;
    .port_info 0 /INPUT 16 "in";
    .port_info 1 /OUTPUT 16 "out";
    .port_info 2 /INPUT 1 "clk";
    .port_info 3 /INPUT 1 "we";
    .port_info 4 /INPUT 1 "gwe";
    .port_info 5 /INPUT 1 "rst";
P_0x25eba60 .param/l "n" 0 5 14, +C4<00000000000000000000000000010000>;
P_0x25ebaa0 .param/l "r" 0 5 14, +C4<00000000000000000000000000000000>;
L_0x25f2180/d .functor BUFZ 16, v0x25ec020_0, C4<0000000000000000>, C4<0000000000000000>, C4<0000000000000000>;
L_0x25f2180 .delay 16 (1000,1000,1000) L_0x25f2180/d;
v0x25ebcc0_0 .net "clk", 0 0, v0x25ef380_0;  alias, 1 drivers
v0x25ebd80_0 .net "gwe", 0 0, v0x25ef6f0_0;  alias, 1 drivers
v0x25ebe40_0 .net "in", 15 0, v0x25effd0_0;  alias, 1 drivers
v0x25ebee0_0 .net "out", 15 0, L_0x25f2180;  alias, 1 drivers
v0x25ebf80_0 .net "rst", 0 0, v0x25efc30_0;  alias, 1 drivers
v0x25ec020_0 .var "state", 15 0;
v0x25ec100_0 .net "we", 0 0, L_0x25f23b0;  1 drivers
S_0x25ec2c0 .scope module, "r6" "Nbit_reg" 4 43, 5 14 0, S_0x25e27e0;
 .timescale -9 -12;
    .port_info 0 /INPUT 16 "in";
    .port_info 1 /OUTPUT 16 "out";
    .port_info 2 /INPUT 1 "clk";
    .port_info 3 /INPUT 1 "we";
    .port_info 4 /INPUT 1 "gwe";
    .port_info 5 /INPUT 1 "rst";
P_0x25ebb40 .param/l "n" 0 5 14, +C4<00000000000000000000000000010000>;
P_0x25ebb80 .param/l "r" 0 5 14, +C4<00000000000000000000000000000000>;
L_0x25f24b0/d .functor BUFZ 16, v0x25ecaa0_0, C4<0000000000000000>, C4<0000000000000000>, C4<0000000000000000>;
L_0x25f24b0 .delay 16 (1000,1000,1000) L_0x25f24b0/d;
v0x25ec670_0 .net "clk", 0 0, v0x25ef380_0;  alias, 1 drivers
v0x25ec730_0 .net "gwe", 0 0, v0x25ef6f0_0;  alias, 1 drivers
v0x25ec7f0_0 .net "in", 15 0, v0x25effd0_0;  alias, 1 drivers
v0x25ec8c0_0 .net "out", 15 0, L_0x25f24b0;  alias, 1 drivers
v0x25ec9b0_0 .net "rst", 0 0, v0x25efc30_0;  alias, 1 drivers
v0x25ecaa0_0 .var "state", 15 0;
v0x25ecb80_0 .net "we", 0 0, L_0x25f2720;  1 drivers
S_0x25ecd40 .scope module, "r7" "Nbit_reg" 4 44, 5 14 0, S_0x25e27e0;
 .timescale -9 -12;
    .port_info 0 /INPUT 16 "in";
    .port_info 1 /OUTPUT 16 "out";
    .port_info 2 /INPUT 1 "clk";
    .port_info 3 /INPUT 1 "we";
    .port_info 4 /INPUT 1 "gwe";
    .port_info 5 /INPUT 1 "rst";
P_0x25ec4f0 .param/l "n" 0 5 14, +C4<00000000000000000000000000010000>;
P_0x25ec530 .param/l "r" 0 5 14, +C4<00000000000000000000000000000000>;
L_0x25f27e0/d .functor BUFZ 16, v0x25ed520_0, C4<0000000000000000>, C4<0000000000000000>, C4<0000000000000000>;
L_0x25f27e0 .delay 16 (1000,1000,1000) L_0x25f27e0/d;
v0x25ed0f0_0 .net "clk", 0 0, v0x25ef380_0;  alias, 1 drivers
v0x25ed1b0_0 .net "gwe", 0 0, v0x25ef6f0_0;  alias, 1 drivers
v0x25ed270_0 .net "in", 15 0, v0x25effd0_0;  alias, 1 drivers
v0x25ed340_0 .net "out", 15 0, L_0x25f27e0;  alias, 1 drivers
v0x25ed430_0 .net "rst", 0 0, v0x25efc30_0;  alias, 1 drivers
v0x25ed520_0 .var "state", 15 0;
v0x25ed600_0 .net "we", 0 0, L_0x25f2aa0;  1 drivers
    .scope S_0x25e8190;
T_1 ;
    %wait E_0x258e780;
    %load/vec4 v0x25e8670_0;
    %load/vec4 v0x25e8930_0;
    %and;
    %flag_set/vec4 8;
    %jmp/0xz  T_1.0, 8;
    %pushi/vec4 0, 0, 16;
    %store/vec4 v0x25e8a40_0, 0, 16;
    %jmp T_1.1;
T_1.0 ;
    %load/vec4 v0x25e8670_0;
    %load/vec4 v0x25e8b20_0;
    %and;
    %flag_set/vec4 8;
    %jmp/0xz  T_1.2, 8;
    %load/vec4 v0x25e8730_0;
    %store/vec4 v0x25e8a40_0, 0, 16;
T_1.2 ;
T_1.1 ;
    %jmp T_1;
    .thread T_1;
    .scope S_0x25e8ca0;
T_2 ;
    %wait E_0x258e780;
    %load/vec4 v0x25e9160_0;
    %load/vec4 v0x25e9420_0;
    %and;
    %flag_set/vec4 8;
    %jmp/0xz  T_2.0, 8;
    %pushi/vec4 0, 0, 16;
    %store/vec4 v0x25e9510_0, 0, 16;
    %jmp T_2.1;
T_2.0 ;
    %load/vec4 v0x25e9160_0;
    %load/vec4 v0x25e95b0_0;
    %and;
    %flag_set/vec4 8;
    %jmp/0xz  T_2.2, 8;
    %load/vec4 v0x25e9230_0;
    %store/vec4 v0x25e9510_0, 0, 16;
T_2.2 ;
T_2.1 ;
    %jmp T_2;
    .thread T_2;
    .scope S_0x25e9710;
T_3 ;
    %wait E_0x258e780;
    %load/vec4 v0x25e9c00_0;
    %load/vec4 v0x25e9ef0_0;
    %and;
    %flag_set/vec4 8;
    %jmp/0xz  T_3.0, 8;
    %pushi/vec4 0, 0, 16;
    %store/vec4 v0x25ea030_0, 0, 16;
    %jmp T_3.1;
T_3.0 ;
    %load/vec4 v0x25e9c00_0;
    %load/vec4 v0x25ea110_0;
    %and;
    %flag_set/vec4 8;
    %jmp/0xz  T_3.2, 8;
    %load/vec4 v0x25e9d10_0;
    %store/vec4 v0x25ea030_0, 0, 16;
T_3.2 ;
T_3.1 ;
    %jmp T_3;
    .thread T_3;
    .scope S_0x25ea290;
T_4 ;
    %wait E_0x258e780;
    %load/vec4 v0x25ea700_0;
    %load/vec4 v0x25ea950_0;
    %and;
    %flag_set/vec4 8;
    %jmp/0xz  T_4.0, 8;
    %pushi/vec4 0, 0, 16;
    %store/vec4 v0x25eaa40_0, 0, 16;
    %jmp T_4.1;
T_4.0 ;
    %load/vec4 v0x25ea700_0;
    %load/vec4 v0x25eab20_0;
    %and;
    %flag_set/vec4 8;
    %jmp/0xz  T_4.2, 8;
    %load/vec4 v0x25ea7c0_0;
    %store/vec4 v0x25eaa40_0, 0, 16;
T_4.2 ;
T_4.1 ;
    %jmp T_4;
    .thread T_4;
    .scope S_0x25eace0;
T_5 ;
    %wait E_0x258e780;
    %load/vec4 v0x25eb150_0;
    %load/vec4 v0x25eb470_0;
    %and;
    %flag_set/vec4 8;
    %jmp/0xz  T_5.0, 8;
    %pushi/vec4 0, 0, 16;
    %store/vec4 v0x25eb5a0_0, 0, 16;
    %jmp T_5.1;
T_5.0 ;
    %load/vec4 v0x25eb150_0;
    %load/vec4 v0x25eb680_0;
    %and;
    %flag_set/vec4 8;
    %jmp/0xz  T_5.2, 8;
    %load/vec4 v0x25eb2a0_0;
    %store/vec4 v0x25eb5a0_0, 0, 16;
T_5.2 ;
T_5.1 ;
    %jmp T_5;
    .thread T_5;
    .scope S_0x25eb840;
T_6 ;
    %wait E_0x258e780;
    %load/vec4 v0x25ebd80_0;
    %load/vec4 v0x25ebf80_0;
    %and;
    %flag_set/vec4 8;
    %jmp/0xz  T_6.0, 8;
    %pushi/vec4 0, 0, 16;
    %store/vec4 v0x25ec020_0, 0, 16;
    %jmp T_6.1;
T_6.0 ;
    %load/vec4 v0x25ebd80_0;
    %load/vec4 v0x25ec100_0;
    %and;
    %flag_set/vec4 8;
    %jmp/0xz  T_6.2, 8;
    %load/vec4 v0x25ebe40_0;
    %store/vec4 v0x25ec020_0, 0, 16;
T_6.2 ;
T_6.1 ;
    %jmp T_6;
    .thread T_6;
    .scope S_0x25ec2c0;
T_7 ;
    %wait E_0x258e780;
    %load/vec4 v0x25ec730_0;
    %load/vec4 v0x25ec9b0_0;
    %and;
    %flag_set/vec4 8;
    %jmp/0xz  T_7.0, 8;
    %pushi/vec4 0, 0, 16;
    %store/vec4 v0x25ecaa0_0, 0, 16;
    %jmp T_7.1;
T_7.0 ;
    %load/vec4 v0x25ec730_0;
    %load/vec4 v0x25ecb80_0;
    %and;
    %flag_set/vec4 8;
    %jmp/0xz  T_7.2, 8;
    %load/vec4 v0x25ec7f0_0;
    %store/vec4 v0x25ecaa0_0, 0, 16;
T_7.2 ;
T_7.1 ;
    %jmp T_7;
    .thread T_7;
    .scope S_0x25ecd40;
T_8 ;
    %wait E_0x258e780;
    %load/vec4 v0x25ed1b0_0;
    %load/vec4 v0x25ed430_0;
    %and;
    %flag_set/vec4 8;
    %jmp/0xz  T_8.0, 8;
    %pushi/vec4 0, 0, 16;
    %store/vec4 v0x25ed520_0, 0, 16;
    %jmp T_8.1;
T_8.0 ;
    %load/vec4 v0x25ed1b0_0;
    %load/vec4 v0x25ed600_0;
    %and;
    %flag_set/vec4 8;
    %jmp/0xz  T_8.2, 8;
    %load/vec4 v0x25ed270_0;
    %store/vec4 v0x25ed520_0, 0, 16;
T_8.2 ;
T_8.1 ;
    %jmp T_8;
    .thread T_8;
    .scope S_0x25932c0;
T_9 ;
    %delay 5000, 0;
    %load/vec4 v0x25ef380_0;
    %inv;
    %assign/vec4 v0x25ef380_0, 0;
    %jmp T_9;
    .thread T_9;
    .scope S_0x25932c0;
T_10 ;
    %pushi/vec4 0, 0, 3;
    %store/vec4 v0x25efa60_0, 0, 3;
    %pushi/vec4 0, 0, 3;
    %store/vec4 v0x25efcd0_0, 0, 3;
    %pushi/vec4 0, 0, 3;
    %store/vec4 v0x25ef950_0, 0, 3;
    %pushi/vec4 0, 0, 1;
    %store/vec4 v0x25f0090_0, 0, 1;
    %pushi/vec4 1, 0, 1;
    %store/vec4 v0x25efc30_0, 0, 1;
    %pushi/vec4 0, 0, 16;
    %store/vec4 v0x25effd0_0, 0, 16;
    %pushi/vec4 0, 0, 1;
    %store/vec4 v0x25ef380_0, 0, 1;
    %pushi/vec4 1, 0, 1;
    %store/vec4 v0x25ef6f0_0, 0, 1;
    %pushi/vec4 0, 0, 32;
    %store/vec4 v0x25ef440_0, 0, 32;
    %pushi/vec4 0, 0, 32;
    %store/vec4 v0x25efef0_0, 0, 32;
    %pushi/vec4 0, 0, 32;
    %store/vec4 v0x25ef870_0, 0, 32;
    %vpi_func 2 75 "$fopen" 32, "test_lc4_regfile.input", "r" {0 0 0};
    %store/vec4 v0x25ef790_0, 0, 32;
    %load/vec4 v0x25ef790_0;
    %cmpi/e 0, 0, 32;
    %jmp/0xz  T_10.0, 4;
    %vpi_call 2 77 "$display", "Error opening file: ", "test_lc4_regfile.input" {0 0 0};
    %vpi_call 2 78 "$finish" {0 0 0};
T_10.0 ;
    %vpi_func 2 83 "$fopen" 32, "regfile_test.output.txt", "w" {0 0 0};
    %store/vec4 v0x25ef870_0, 0, 32;
    %load/vec4 v0x25ef870_0;
    %cmpi/e 0, 0, 32;
    %jmp/0xz  T_10.2, 4;
    %vpi_call 2 85 "$display", "Error opening file: ", "regfile_test.output.txt" {0 0 0};
    %vpi_call 2 86 "$finish" {0 0 0};
T_10.2 ;
    %delay 100000, 0;
    %delay 5000, 0;
    %pushi/vec4 0, 0, 1;
    %store/vec4 v0x25efc30_0, 0, 1;
    %delay 2000, 0;
T_10.4 ;
    %vpi_func 2 97 "$fscanf" 32, v0x25ef790_0, "%d %d %d %b %h %h %h", v0x25efa60_0, v0x25efcd0_0, v0x25ef950_0, v0x25f0090_0, v0x25effd0_0, v0x25ef520_0, v0x25ef610_0 {0 0 0};
    %cmpi/e 7, 0, 32;
    %jmp/0xz T_10.5, 4;
    %delay 8000, 0;
    %load/vec4 v0x25efef0_0;
    %addi 2, 0, 32;
    %store/vec4 v0x25efef0_0, 0, 32;
    %load/vec4 v0x25ef870_0;
    %cmpi/ne 0, 0, 32;
    %jmp/0xz  T_10.6, 4;
    %vpi_call 2 106 "$fdisplay", v0x25ef870_0, "%d %d %d %b %h %h %h", v0x25efa60_0, v0x25efcd0_0, v0x25ef950_0, v0x25f0090_0, v0x25effd0_0, v0x25efb20_0, v0x25efde0_0 {0 0 0};
T_10.6 ;
    %load/vec4 v0x25efb20_0;
    %load/vec4 v0x25ef520_0;
    %cmp/ne;
    %jmp/0xz  T_10.8, 6;
    %vpi_call 2 110 "$display", "Error at test %d: Value of register %d on output 1 should have been %h, but was %h instead", v0x25efef0_0, v0x25efa60_0, v0x25ef520_0, v0x25efb20_0 {0 0 0};
    %load/vec4 v0x25ef440_0;
    %addi 1, 0, 32;
    %store/vec4 v0x25ef440_0, 0, 32;
T_10.8 ;
    %load/vec4 v0x25efde0_0;
    %load/vec4 v0x25ef610_0;
    %cmp/ne;
    %jmp/0xz  T_10.10, 6;
    %vpi_call 2 115 "$display", "Error at test %d: Value of register %d on output 2 should have been %h, but was %h instead", v0x25efef0_0, v0x25efcd0_0, v0x25ef610_0, v0x25efde0_0 {0 0 0};
    %load/vec4 v0x25ef440_0;
    %addi 1, 0, 32;
    %store/vec4 v0x25ef440_0, 0, 32;
T_10.10 ;
    %delay 2000, 0;
    %jmp T_10.4;
T_10.5 ;
    %load/vec4 v0x25ef790_0;
    %cmpi/ne 0, 0, 32;
    %jmp/0xz  T_10.12, 4;
    %vpi_call 2 123 "$fclose", v0x25ef790_0 {0 0 0};
T_10.12 ;
    %load/vec4 v0x25ef870_0;
    %cmpi/ne 0, 0, 32;
    %jmp/0xz  T_10.14, 4;
    %vpi_call 2 124 "$fclose", v0x25ef870_0 {0 0 0};
T_10.14 ;
    %vpi_call 2 125 "$display", "Simulation finished: %d test cases %d errors [%s]", v0x25efef0_0, v0x25ef440_0, "test_lc4_regfile.input" {0 0 0};
    %load/vec4 v0x25efef0_0;
    %store/vec4 v0x25af2e0_0, 0, 32;
    %load/vec4 v0x25efef0_0;
    %load/vec4 v0x25ef440_0;
    %sub;
    %store/vec4 v0x25b0780_0, 0, 32;
    %fork TD_test_regfile.printPoints, S_0x2593450;
    %join;
    %vpi_call 2 127 "$finish" {0 0 0};
    %end;
    .thread T_10;
# The file index is used to find the file name in the following table.
:file_names 6;
    "N/A";
    "<interactive>";
    "testbench_lc4_regfile.v";
    "./print_points.v";
    "lc4_regfile.v";
    "register.v";
