#! /home1/c/cis5710/tools/bin/vvp
:ivl_version "11.0 (stable)" "(v11_0)";
:ivl_delay_selection "TYPICAL";
:vpi_time_precision - 12;
:vpi_module "/home1/c/cis5710/tools/lib/ivl/system.vpi";
:vpi_module "/home1/c/cis5710/tools/lib/ivl/vhdl_sys.vpi";
:vpi_module "/home1/c/cis5710/tools/lib/ivl/vhdl_textio.vpi";
:vpi_module "/home1/c/cis5710/tools/lib/ivl/v2005_math.vpi";
:vpi_module "/home1/c/cis5710/tools/lib/ivl/va_math.vpi";
S_0x14bd7e0 .scope module, "test_adders" "test_adders" 2 14;
 .timescale -9 -12;
L_0x7fe3f0fc5060 .functor BUFT 1, C4<0>, C4<0>, C4<0>, C4<0>;
v0x14f3030_0 .net *"_ivl_10", 0 0, L_0x7fe3f0fc5060;  1 drivers
v0x14f3110_0 .net *"_ivl_11", 1 0, L_0x14f5c70;  1 drivers
v0x14f31f0_0 .net *"_ivl_13", 1 0, L_0x14f5e20;  1 drivers
L_0x7fe3f0fc50a8 .functor BUFT 1, C4<0>, C4<0>, C4<0>, C4<0>;
v0x14f32e0_0 .net *"_ivl_16", 0 0, L_0x7fe3f0fc50a8;  1 drivers
v0x14f33c0_0 .net *"_ivl_17", 1 0, L_0x14f5f50;  1 drivers
v0x14f34f0_0 .net *"_ivl_22", 2 0, L_0x14f6ee0;  1 drivers
L_0x7fe3f0fc50f0 .functor BUFT 1, C4<0>, C4<0>, C4<0>, C4<0>;
v0x14f35d0_0 .net *"_ivl_25", 0 0, L_0x7fe3f0fc50f0;  1 drivers
v0x14f36b0_0 .net *"_ivl_26", 2 0, L_0x14f7070;  1 drivers
L_0x7fe3f0fc5138 .functor BUFT 1, C4<0>, C4<0>, C4<0>, C4<0>;
v0x14f3790_0 .net *"_ivl_29", 0 0, L_0x7fe3f0fc5138;  1 drivers
v0x14f3900_0 .net *"_ivl_3", 1 0, L_0x14f5a60;  1 drivers
v0x14f39e0_0 .net *"_ivl_30", 2 0, L_0x14f71a0;  1 drivers
v0x14f3ac0_0 .net *"_ivl_32", 2 0, L_0x14f73c0;  1 drivers
L_0x7fe3f0fc5180 .functor BUFT 1, C4<00>, C4<0>, C4<0>, C4<0>;
v0x14f3ba0_0 .net *"_ivl_35", 1 0, L_0x7fe3f0fc5180;  1 drivers
v0x14f3c80_0 .net *"_ivl_36", 2 0, L_0x14f74b0;  1 drivers
v0x14f3d60_0 .net *"_ivl_42", 3 0, L_0x14f9a20;  1 drivers
L_0x7fe3f0fc5018 .functor BUFT 1, C4<0>, C4<0>, C4<0>, C4<0>;
v0x14f3e40_0 .net *"_ivl_6", 0 0, L_0x7fe3f0fc5018;  1 drivers
v0x14f3f20_0 .net *"_ivl_7", 1 0, L_0x14f5b50;  1 drivers
v0x14f4000_0 .var "a", 0 0;
v0x14f40a0_0 .var "a2", 1 0;
v0x14f4160_0 .var "a4", 3 0;
v0x14f4220_0 .net "actual_fa2_cout", 0 0, L_0x14f69a0;  1 drivers
v0x14f42c0_0 .net "actual_fa2_sum", 1 0, L_0x14f6cb0;  1 drivers
v0x14f4380_0 .net "actual_fa_cout", 0 0, L_0x14f57d0;  1 drivers
v0x14f4450_0 .net "actual_fa_sum", 0 0, L_0x14f5600;  1 drivers
v0x14f4540_0 .net "actual_ha_cout", 0 0, L_0x14f5430;  1 drivers
v0x14f45e0_0 .net "actual_ha_sum", 0 0, L_0x14f52a0;  1 drivers
v0x14f46b0_0 .net "actual_rca4_sum", 7 0, L_0x14f96c0;  1 drivers
v0x14f4780_0 .var "b", 0 0;
v0x14f4820_0 .var "b2", 1 0;
v0x14f48f0_0 .var "b4", 3 0;
v0x14f4990_0 .var "cin", 0 0;
v0x14f4a30_0 .var/i "errors", 31 0;
v0x14f4ad0_0 .net "exp_fa2_cout", 0 0, L_0x14f6d50;  1 drivers
v0x14f4da0_0 .net "exp_fa2_sum", 1 0, L_0x14f6e40;  1 drivers
v0x14f4e80_0 .net "exp_fa_cout", 0 0, L_0x14f58d0;  1 drivers
v0x14f4f40_0 .net "exp_fa_sum", 0 0, L_0x14f5970;  1 drivers
v0x14f5000_0 .net "exp_rca4_sum", 3 0, L_0x14f98f0;  1 drivers
v0x14f50e0_0 .var/i "i", 31 0;
v0x14f51c0_0 .var/i "tests", 31 0;
L_0x14f58d0 .part L_0x14f5f50, 1, 1;
L_0x14f5970 .part L_0x14f5f50, 0, 1;
L_0x14f5a60 .concat [ 1 1 0 0], v0x14f4000_0, L_0x7fe3f0fc5018;
L_0x14f5b50 .concat [ 1 1 0 0], v0x14f4780_0, L_0x7fe3f0fc5060;
L_0x14f5c70 .arith/sum 2, L_0x14f5a60, L_0x14f5b50;
L_0x14f5e20 .concat [ 1 1 0 0], v0x14f4990_0, L_0x7fe3f0fc50a8;
L_0x14f5f50 .arith/sum 2, L_0x14f5c70, L_0x14f5e20;
L_0x14f6d50 .part L_0x14f74b0, 2, 1;
L_0x14f6e40 .part L_0x14f74b0, 0, 2;
L_0x14f6ee0 .concat [ 2 1 0 0], v0x14f40a0_0, L_0x7fe3f0fc50f0;
L_0x14f7070 .concat [ 2 1 0 0], v0x14f4820_0, L_0x7fe3f0fc5138;
L_0x14f71a0 .arith/sum 3, L_0x14f6ee0, L_0x14f7070;
L_0x14f73c0 .concat [ 1 2 0 0], v0x14f4990_0, L_0x7fe3f0fc5180;
L_0x14f74b0 .arith/sum 3, L_0x14f71a0, L_0x14f73c0;
L_0x14f9850 .concat [ 4 4 0 0], v0x14f4160_0, v0x14f48f0_0;
L_0x14f98f0 .part L_0x14f9a20, 0, 4;
L_0x14f9a20 .arith/sum 4, v0x14f4160_0, v0x14f48f0_0;
S_0x14b8590 .scope module, "fa" "fulladder" 2 31, 3 20 0, S_0x14bd7e0;
 .timescale -9 -12;
    .port_info 0 /INPUT 1 "cin";
    .port_info 1 /INPUT 1 "a";
    .port_info 2 /INPUT 1 "b";
    .port_info 3 /OUTPUT 1 "s";
    .port_info 4 /OUTPUT 1 "cout";
L_0x14f57d0 .functor OR 1, L_0x14f5570, L_0x14f5740, C4<0>, C4<0>;
v0x14e8290_0 .net "a", 0 0, v0x14f4000_0;  1 drivers
v0x14e8350_0 .net "b", 0 0, v0x14f4780_0;  1 drivers
v0x14e8420_0 .net "cin", 0 0, v0x14f4990_0;  1 drivers
v0x14e8520_0 .net "cout", 0 0, L_0x14f57d0;  alias, 1 drivers
v0x14e85c0_0 .net "cout_tmp1", 0 0, L_0x14f5570;  1 drivers
v0x14e86b0_0 .net "cout_tmp2", 0 0, L_0x14f5740;  1 drivers
v0x14e8780_0 .net "s", 0 0, L_0x14f5600;  alias, 1 drivers
v0x14e8850_0 .net "s_tmp", 0 0, L_0x14f54c0;  1 drivers
S_0x14be1c0 .scope module, "h0" "halfadder" 3 27, 3 10 0, S_0x14b8590;
 .timescale -9 -12;
    .port_info 0 /INPUT 1 "a";
    .port_info 1 /INPUT 1 "b";
    .port_info 2 /OUTPUT 1 "s";
    .port_info 3 /OUTPUT 1 "cout";
L_0x14f54c0 .functor XOR 1, v0x14f4000_0, v0x14f4780_0, C4<0>, C4<0>;
L_0x14f5570 .functor AND 1, v0x14f4000_0, v0x14f4780_0, C4<1>, C4<1>;
v0x14b95b0_0 .net "a", 0 0, v0x14f4000_0;  alias, 1 drivers
v0x14e7a70_0 .net "b", 0 0, v0x14f4780_0;  alias, 1 drivers
v0x14e7b30_0 .net "cout", 0 0, L_0x14f5570;  alias, 1 drivers
v0x14e7bd0_0 .net "s", 0 0, L_0x14f54c0;  alias, 1 drivers
S_0x14e7d10 .scope module, "h1" "halfadder" 3 28, 3 10 0, S_0x14b8590;
 .timescale -9 -12;
    .port_info 0 /INPUT 1 "a";
    .port_info 1 /INPUT 1 "b";
    .port_info 2 /OUTPUT 1 "s";
    .port_info 3 /OUTPUT 1 "cout";
L_0x14f5600 .functor XOR 1, L_0x14f54c0, v0x14f4990_0, C4<0>, C4<0>;
L_0x14f5740 .functor AND 1, L_0x14f54c0, v0x14f4990_0, C4<1>, C4<1>;
v0x14e7f10_0 .net "a", 0 0, L_0x14f54c0;  alias, 1 drivers
v0x14e7fb0_0 .net "b", 0 0, v0x14f4990_0;  alias, 1 drivers
v0x14e8050_0 .net "cout", 0 0, L_0x14f5740;  alias, 1 drivers
v0x14e8120_0 .net "s", 0 0, L_0x14f5600;  alias, 1 drivers
S_0x14e8940 .scope module, "fa2" "fulladder2" 2 39, 3 33 0, S_0x14bd7e0;
 .timescale -9 -12;
    .port_info 0 /INPUT 1 "cin";
    .port_info 1 /INPUT 2 "a";
    .port_info 2 /INPUT 2 "b";
    .port_info 3 /OUTPUT 2 "s";
    .port_info 4 /OUTPUT 1 "cout";
v0x14eb4a0_0 .net "a", 1 0, v0x14f40a0_0;  1 drivers
v0x14eb5a0_0 .net "b", 1 0, v0x14f4820_0;  1 drivers
v0x14eb680_0 .net "cin", 0 0, v0x14f4990_0;  alias, 1 drivers
v0x14eb720_0 .net "cout", 0 0, L_0x14f69a0;  alias, 1 drivers
v0x14eb7f0_0 .net "cout_tmp", 0 0, L_0x14f6320;  1 drivers
v0x14eb890_0 .net "s", 1 0, L_0x14f6cb0;  alias, 1 drivers
L_0x14f63b0 .part v0x14f40a0_0, 0, 1;
L_0x14f6470 .part v0x14f4820_0, 0, 1;
L_0x14f6a50 .part v0x14f40a0_0, 1, 1;
L_0x14f6b80 .part v0x14f4820_0, 1, 1;
L_0x14f6cb0 .concat8 [ 1 1 0 0], L_0x14f61f0, L_0x14f6780;
S_0x14e8b20 .scope module, "a0" "fulladder" 3 40, 3 20 0, S_0x14e8940;
 .timescale -9 -12;
    .port_info 0 /INPUT 1 "cin";
    .port_info 1 /INPUT 1 "a";
    .port_info 2 /INPUT 1 "b";
    .port_info 3 /OUTPUT 1 "s";
    .port_info 4 /OUTPUT 1 "cout";
L_0x14f6320 .functor OR 1, L_0x14f6130, L_0x14f62b0, C4<0>, C4<0>;
v0x14e9970_0 .net "a", 0 0, L_0x14f63b0;  1 drivers
v0x14e9a30_0 .net "b", 0 0, L_0x14f6470;  1 drivers
v0x14e9b00_0 .net "cin", 0 0, v0x14f4990_0;  alias, 1 drivers
v0x14e9bd0_0 .net "cout", 0 0, L_0x14f6320;  alias, 1 drivers
v0x14e9c70_0 .net "cout_tmp1", 0 0, L_0x14f6130;  1 drivers
v0x14e9d60_0 .net "cout_tmp2", 0 0, L_0x14f62b0;  1 drivers
v0x14e9e30_0 .net "s", 0 0, L_0x14f61f0;  1 drivers
v0x14e9f00_0 .net "s_tmp", 0 0, L_0x14f5d10;  1 drivers
S_0x14e8db0 .scope module, "h0" "halfadder" 3 27, 3 10 0, S_0x14e8b20;
 .timescale -9 -12;
    .port_info 0 /INPUT 1 "a";
    .port_info 1 /INPUT 1 "b";
    .port_info 2 /OUTPUT 1 "s";
    .port_info 3 /OUTPUT 1 "cout";
L_0x14f5d10 .functor XOR 1, L_0x14f63b0, L_0x14f6470, C4<0>, C4<0>;
L_0x14f6130 .functor AND 1, L_0x14f63b0, L_0x14f6470, C4<1>, C4<1>;
v0x14e8fe0_0 .net "a", 0 0, L_0x14f63b0;  alias, 1 drivers
v0x14e90c0_0 .net "b", 0 0, L_0x14f6470;  alias, 1 drivers
v0x14e9180_0 .net "cout", 0 0, L_0x14f6130;  alias, 1 drivers
v0x14e9250_0 .net "s", 0 0, L_0x14f5d10;  alias, 1 drivers
S_0x14e93c0 .scope module, "h1" "halfadder" 3 28, 3 10 0, S_0x14e8b20;
 .timescale -9 -12;
    .port_info 0 /INPUT 1 "a";
    .port_info 1 /INPUT 1 "b";
    .port_info 2 /OUTPUT 1 "s";
    .port_info 3 /OUTPUT 1 "cout";
L_0x14f61f0 .functor XOR 1, L_0x14f5d10, v0x14f4990_0, C4<0>, C4<0>;
L_0x14f62b0 .functor AND 1, L_0x14f5d10, v0x14f4990_0, C4<1>, C4<1>;
v0x14e95c0_0 .net "a", 0 0, L_0x14f5d10;  alias, 1 drivers
v0x14e9690_0 .net "b", 0 0, v0x14f4990_0;  alias, 1 drivers
v0x14e9780_0 .net "cout", 0 0, L_0x14f62b0;  alias, 1 drivers
v0x14e9820_0 .net "s", 0 0, L_0x14f61f0;  alias, 1 drivers
S_0x14e9ff0 .scope module, "a1" "fulladder" 3 41, 3 20 0, S_0x14e8940;
 .timescale -9 -12;
    .port_info 0 /INPUT 1 "cin";
    .port_info 1 /INPUT 1 "a";
    .port_info 2 /INPUT 1 "b";
    .port_info 3 /OUTPUT 1 "s";
    .port_info 4 /OUTPUT 1 "cout";
L_0x14f69a0 .functor OR 1, L_0x14f66a0, L_0x14f6910, C4<0>, C4<0>;
v0x14eae00_0 .net "a", 0 0, L_0x14f6a50;  1 drivers
v0x14eaec0_0 .net "b", 0 0, L_0x14f6b80;  1 drivers
v0x14eaf90_0 .net "cin", 0 0, L_0x14f6320;  alias, 1 drivers
v0x14eb0b0_0 .net "cout", 0 0, L_0x14f69a0;  alias, 1 drivers
v0x14eb150_0 .net "cout_tmp1", 0 0, L_0x14f66a0;  1 drivers
v0x14eb240_0 .net "cout_tmp2", 0 0, L_0x14f6910;  1 drivers
v0x14eb2e0_0 .net "s", 0 0, L_0x14f6780;  1 drivers
v0x14eb3b0_0 .net "s_tmp", 0 0, L_0x14f65a0;  1 drivers
S_0x14ea270 .scope module, "h0" "halfadder" 3 27, 3 10 0, S_0x14e9ff0;
 .timescale -9 -12;
    .port_info 0 /INPUT 1 "a";
    .port_info 1 /INPUT 1 "b";
    .port_info 2 /OUTPUT 1 "s";
    .port_info 3 /OUTPUT 1 "cout";
L_0x14f65a0 .functor XOR 1, L_0x14f6a50, L_0x14f6b80, C4<0>, C4<0>;
L_0x14f66a0 .functor AND 1, L_0x14f6a50, L_0x14f6b80, C4<1>, C4<1>;
v0x14ea480_0 .net "a", 0 0, L_0x14f6a50;  alias, 1 drivers
v0x14ea560_0 .net "b", 0 0, L_0x14f6b80;  alias, 1 drivers
v0x14ea620_0 .net "cout", 0 0, L_0x14f66a0;  alias, 1 drivers
v0x14ea6f0_0 .net "s", 0 0, L_0x14f65a0;  alias, 1 drivers
S_0x14ea860 .scope module, "h1" "halfadder" 3 28, 3 10 0, S_0x14e9ff0;
 .timescale -9 -12;
    .port_info 0 /INPUT 1 "a";
    .port_info 1 /INPUT 1 "b";
    .port_info 2 /OUTPUT 1 "s";
    .port_info 3 /OUTPUT 1 "cout";
L_0x14f6780 .functor XOR 1, L_0x14f65a0, L_0x14f6320, C4<0>, C4<0>;
L_0x14f6910 .functor AND 1, L_0x14f65a0, L_0x14f6320, C4<1>, C4<1>;
v0x14eaa60_0 .net "a", 0 0, L_0x14f65a0;  alias, 1 drivers
v0x14eab30_0 .net "b", 0 0, L_0x14f6320;  alias, 1 drivers
v0x14eac00_0 .net "cout", 0 0, L_0x14f6910;  alias, 1 drivers
v0x14eacd0_0 .net "s", 0 0, L_0x14f6780;  alias, 1 drivers
S_0x14eb9d0 .scope module, "ha" "halfadder" 2 26, 3 10 0, S_0x14bd7e0;
 .timescale -9 -12;
    .port_info 0 /INPUT 1 "a";
    .port_info 1 /INPUT 1 "b";
    .port_info 2 /OUTPUT 1 "s";
    .port_info 3 /OUTPUT 1 "cout";
L_0x14f52a0 .functor XOR 1, v0x14f4000_0, v0x14f4780_0, C4<0>, C4<0>;
L_0x14f5430 .functor AND 1, v0x14f4000_0, v0x14f4780_0, C4<1>, C4<1>;
v0x14ebbe0_0 .net "a", 0 0, v0x14f4000_0;  alias, 1 drivers
v0x14ebcd0_0 .net "b", 0 0, v0x14f4780_0;  alias, 1 drivers
v0x14ebde0_0 .net "cout", 0 0, L_0x14f5430;  alias, 1 drivers
v0x14ebe80_0 .net "s", 0 0, L_0x14f52a0;  alias, 1 drivers
S_0x14ebfa0 .scope task, "printPoints" "printPoints" 4 1, 4 1 0, S_0x14bd7e0;
 .timescale -9 -12;
v0x14ec180_0 .var "actual", 31 0;
v0x14ec280_0 .var "possible", 31 0;
TD_test_adders.printPoints ;
    %vpi_call 4 4 "$display", "<scorePossible>%d</scorePossible>", v0x14ec280_0 {0 0 0};
    %vpi_call 4 5 "$display", "<scoreActual>%d</scoreActual>", v0x14ec180_0 {0 0 0};
    %end;
S_0x14ec360 .scope module, "r0" "rca4" 2 45, 3 47 0, S_0x14bd7e0;
 .timescale -9 -12;
    .port_info 0 /INPUT 8 "SWITCH";
    .port_info 1 /OUTPUT 8 "LED";
v0x14f2c90_0 .net "LED", 7 0, L_0x14f96c0;  alias, 1 drivers
v0x14f2d90_0 .net "SWITCH", 7 0, L_0x14f9850;  1 drivers
L_0x7fe3f0fc5210 .functor BUFT 1, C4<0000>, C4<0>, C4<0>, C4<0>;
v0x14f2e70_0 .net/2u *"_ivl_17", 3 0, L_0x7fe3f0fc5210;  1 drivers
v0x14f2f30_0 .net "cout0", 0 0, L_0x14f8020;  1 drivers
L_0x14f83d0 .part L_0x14f9850, 0, 2;
L_0x14f8470 .part L_0x14f9850, 4, 2;
L_0x14f94f0 .part L_0x14f9850, 2, 2;
L_0x14f9590 .part L_0x14f9850, 6, 2;
L_0x14f96c0 .concat8 [ 2 2 4 0], L_0x14f8330, L_0x14f9450, L_0x7fe3f0fc5210;
S_0x14ec5b0 .scope module, "a0" "fulladder2" 3 50, 3 33 0, S_0x14ec360;
 .timescale -9 -12;
    .port_info 0 /INPUT 1 "cin";
    .port_info 1 /INPUT 2 "a";
    .port_info 2 /INPUT 2 "b";
    .port_info 3 /OUTPUT 2 "s";
    .port_info 4 /OUTPUT 1 "cout";
v0x14ef370_0 .net "a", 1 0, L_0x14f83d0;  1 drivers
v0x14ef470_0 .net "b", 1 0, L_0x14f8470;  1 drivers
L_0x7fe3f0fc51c8 .functor BUFT 1, C4<0>, C4<0>, C4<0>, C4<0>;
v0x14ef550_0 .net "cin", 0 0, L_0x7fe3f0fc51c8;  1 drivers
v0x14ef640_0 .net "cout", 0 0, L_0x14f8020;  alias, 1 drivers
v0x14ef6e0_0 .net "cout_tmp", 0 0, L_0x14f79b0;  1 drivers
v0x14ef7d0_0 .net "s", 1 0, L_0x14f8330;  1 drivers
L_0x14f7ad0 .part L_0x14f83d0, 0, 1;
L_0x14f7c00 .part L_0x14f8470, 0, 1;
L_0x14f80d0 .part L_0x14f83d0, 1, 1;
L_0x14f8200 .part L_0x14f8470, 1, 1;
L_0x14f8330 .concat8 [ 1 1 0 0], L_0x14f7760, L_0x14f7e50;
S_0x14ec830 .scope module, "a0" "fulladder" 3 40, 3 20 0, S_0x14ec5b0;
 .timescale -9 -12;
    .port_info 0 /INPUT 1 "cin";
    .port_info 1 /INPUT 1 "a";
    .port_info 2 /INPUT 1 "b";
    .port_info 3 /OUTPUT 1 "s";
    .port_info 4 /OUTPUT 1 "cout";
L_0x14f79b0 .functor OR 1, L_0x14f7240, L_0x14f78b0, C4<0>, C4<0>;
v0x14ed750_0 .net "a", 0 0, L_0x14f7ad0;  1 drivers
v0x14ed810_0 .net "b", 0 0, L_0x14f7c00;  1 drivers
v0x14ed8e0_0 .net "cin", 0 0, L_0x7fe3f0fc51c8;  alias, 1 drivers
v0x14ed9e0_0 .net "cout", 0 0, L_0x14f79b0;  alias, 1 drivers
v0x14eda80_0 .net "cout_tmp1", 0 0, L_0x14f7240;  1 drivers
v0x14edb70_0 .net "cout_tmp2", 0 0, L_0x14f78b0;  1 drivers
v0x14edc40_0 .net "s", 0 0, L_0x14f7760;  1 drivers
v0x14edd10_0 .net "s_tmp", 0 0, L_0x14f7350;  1 drivers
S_0x14ecab0 .scope module, "h0" "halfadder" 3 27, 3 10 0, S_0x14ec830;
 .timescale -9 -12;
    .port_info 0 /INPUT 1 "a";
    .port_info 1 /INPUT 1 "b";
    .port_info 2 /OUTPUT 1 "s";
    .port_info 3 /OUTPUT 1 "cout";
L_0x14f7350 .functor XOR 1, L_0x14f7ad0, L_0x14f7c00, C4<0>, C4<0>;
L_0x14f7240 .functor AND 1, L_0x14f7ad0, L_0x14f7c00, C4<1>, C4<1>;
v0x14ecd50_0 .net "a", 0 0, L_0x14f7ad0;  alias, 1 drivers
v0x14ece30_0 .net "b", 0 0, L_0x14f7c00;  alias, 1 drivers
v0x14ecef0_0 .net "cout", 0 0, L_0x14f7240;  alias, 1 drivers
v0x14ecfc0_0 .net "s", 0 0, L_0x14f7350;  alias, 1 drivers
S_0x14ed130 .scope module, "h1" "halfadder" 3 28, 3 10 0, S_0x14ec830;
 .timescale -9 -12;
    .port_info 0 /INPUT 1 "a";
    .port_info 1 /INPUT 1 "b";
    .port_info 2 /OUTPUT 1 "s";
    .port_info 3 /OUTPUT 1 "cout";
L_0x14f7760 .functor XOR 1, L_0x14f7350, L_0x7fe3f0fc51c8, C4<0>, C4<0>;
L_0x14f78b0 .functor AND 1, L_0x14f7350, L_0x7fe3f0fc51c8, C4<1>, C4<1>;
v0x14ed3a0_0 .net "a", 0 0, L_0x14f7350;  alias, 1 drivers
v0x14ed470_0 .net "b", 0 0, L_0x7fe3f0fc51c8;  alias, 1 drivers
v0x14ed510_0 .net "cout", 0 0, L_0x14f78b0;  alias, 1 drivers
v0x14ed5e0_0 .net "s", 0 0, L_0x14f7760;  alias, 1 drivers
S_0x14ede00 .scope module, "a1" "fulladder" 3 41, 3 20 0, S_0x14ec5b0;
 .timescale -9 -12;
    .port_info 0 /INPUT 1 "cin";
    .port_info 1 /INPUT 1 "a";
    .port_info 2 /INPUT 1 "b";
    .port_info 3 /OUTPUT 1 "s";
    .port_info 4 /OUTPUT 1 "cout";
L_0x14f8020 .functor OR 1, L_0x14f7dc0, L_0x14f7f90, C4<0>, C4<0>;
v0x14eecd0_0 .net "a", 0 0, L_0x14f80d0;  1 drivers
v0x14eed90_0 .net "b", 0 0, L_0x14f8200;  1 drivers
v0x14eee60_0 .net "cin", 0 0, L_0x14f79b0;  alias, 1 drivers
v0x14eef80_0 .net "cout", 0 0, L_0x14f8020;  alias, 1 drivers
v0x14ef020_0 .net "cout_tmp1", 0 0, L_0x14f7dc0;  1 drivers
v0x14ef110_0 .net "cout_tmp2", 0 0, L_0x14f7f90;  1 drivers
v0x14ef1b0_0 .net "s", 0 0, L_0x14f7e50;  1 drivers
v0x14ef280_0 .net "s_tmp", 0 0, L_0x14f7d30;  1 drivers
S_0x14ee060 .scope module, "h0" "halfadder" 3 27, 3 10 0, S_0x14ede00;
 .timescale -9 -12;
    .port_info 0 /INPUT 1 "a";
    .port_info 1 /INPUT 1 "b";
    .port_info 2 /OUTPUT 1 "s";
    .port_info 3 /OUTPUT 1 "cout";
L_0x14f7d30 .functor XOR 1, L_0x14f80d0, L_0x14f8200, C4<0>, C4<0>;
L_0x14f7dc0 .functor AND 1, L_0x14f80d0, L_0x14f8200, C4<1>, C4<1>;
v0x14ee2e0_0 .net "a", 0 0, L_0x14f80d0;  alias, 1 drivers
v0x14ee3c0_0 .net "b", 0 0, L_0x14f8200;  alias, 1 drivers
v0x14ee480_0 .net "cout", 0 0, L_0x14f7dc0;  alias, 1 drivers
v0x14ee550_0 .net "s", 0 0, L_0x14f7d30;  alias, 1 drivers
S_0x14ee6c0 .scope module, "h1" "halfadder" 3 28, 3 10 0, S_0x14ede00;
 .timescale -9 -12;
    .port_info 0 /INPUT 1 "a";
    .port_info 1 /INPUT 1 "b";
    .port_info 2 /OUTPUT 1 "s";
    .port_info 3 /OUTPUT 1 "cout";
L_0x14f7e50 .functor XOR 1, L_0x14f7d30, L_0x14f79b0, C4<0>, C4<0>;
L_0x14f7f90 .functor AND 1, L_0x14f7d30, L_0x14f79b0, C4<1>, C4<1>;
v0x14ee930_0 .net "a", 0 0, L_0x14f7d30;  alias, 1 drivers
v0x14eea00_0 .net "b", 0 0, L_0x14f79b0;  alias, 1 drivers
v0x14eead0_0 .net "cout", 0 0, L_0x14f7f90;  alias, 1 drivers
v0x14eeba0_0 .net "s", 0 0, L_0x14f7e50;  alias, 1 drivers
S_0x14ef910 .scope module, "a3" "fulladder2" 3 51, 3 33 0, S_0x14ec360;
 .timescale -9 -12;
    .port_info 0 /INPUT 1 "cin";
    .port_info 1 /INPUT 2 "a";
    .port_info 2 /INPUT 2 "b";
    .port_info 3 /OUTPUT 2 "s";
    .port_info 4 /OUTPUT 1 "cout";
v0x14f26d0_0 .net "a", 1 0, L_0x14f94f0;  1 drivers
v0x14f27d0_0 .net "b", 1 0, L_0x14f9590;  1 drivers
v0x14f28b0_0 .net "cin", 0 0, L_0x14f8020;  alias, 1 drivers
v0x14f29e0_0 .net "cout", 0 0, L_0x14f90f0;  1 drivers
v0x14f2ab0_0 .net "cout_tmp", 0 0, L_0x14f8aa0;  1 drivers
v0x14f2b50_0 .net "s", 1 0, L_0x14f9450;  1 drivers
L_0x14f8b50 .part L_0x14f94f0, 0, 1;
L_0x14f8c80 .part L_0x14f9590, 0, 1;
L_0x14f91f0 .part L_0x14f94f0, 1, 1;
L_0x14f9320 .part L_0x14f9590, 1, 1;
L_0x14f9450 .concat8 [ 1 1 0 0], L_0x14f8770, L_0x14f8ed0;
S_0x14efb90 .scope module, "a0" "fulladder" 3 40, 3 20 0, S_0x14ef910;
 .timescale -9 -12;
    .port_info 0 /INPUT 1 "cin";
    .port_info 1 /INPUT 1 "a";
    .port_info 2 /INPUT 1 "b";
    .port_info 3 /OUTPUT 1 "s";
    .port_info 4 /OUTPUT 1 "cout";
L_0x14f8aa0 .functor OR 1, L_0x14f8690, L_0x14f8900, C4<0>, C4<0>;
v0x14f0ac0_0 .net "a", 0 0, L_0x14f8b50;  1 drivers
v0x14f0b80_0 .net "b", 0 0, L_0x14f8c80;  1 drivers
v0x14f0c50_0 .net "cin", 0 0, L_0x14f8020;  alias, 1 drivers
v0x14f0d20_0 .net "cout", 0 0, L_0x14f8aa0;  alias, 1 drivers
v0x14f0dc0_0 .net "cout_tmp1", 0 0, L_0x14f8690;  1 drivers
v0x14f0eb0_0 .net "cout_tmp2", 0 0, L_0x14f8900;  1 drivers
v0x14f0f80_0 .net "s", 0 0, L_0x14f8770;  1 drivers
v0x14f1050_0 .net "s_tmp", 0 0, L_0x14f8560;  1 drivers
S_0x14efe20 .scope module, "h0" "halfadder" 3 27, 3 10 0, S_0x14efb90;
 .timescale -9 -12;
    .port_info 0 /INPUT 1 "a";
    .port_info 1 /INPUT 1 "b";
    .port_info 2 /OUTPUT 1 "s";
    .port_info 3 /OUTPUT 1 "cout";
L_0x14f8560 .functor XOR 1, L_0x14f8b50, L_0x14f8c80, C4<0>, C4<0>;
L_0x14f8690 .functor AND 1, L_0x14f8b50, L_0x14f8c80, C4<1>, C4<1>;
v0x14f00c0_0 .net "a", 0 0, L_0x14f8b50;  alias, 1 drivers
v0x14f01a0_0 .net "b", 0 0, L_0x14f8c80;  alias, 1 drivers
v0x14f0260_0 .net "cout", 0 0, L_0x14f8690;  alias, 1 drivers
v0x14f0330_0 .net "s", 0 0, L_0x14f8560;  alias, 1 drivers
S_0x14f04a0 .scope module, "h1" "halfadder" 3 28, 3 10 0, S_0x14efb90;
 .timescale -9 -12;
    .port_info 0 /INPUT 1 "a";
    .port_info 1 /INPUT 1 "b";
    .port_info 2 /OUTPUT 1 "s";
    .port_info 3 /OUTPUT 1 "cout";
L_0x14f8770 .functor XOR 1, L_0x14f8560, L_0x14f8020, C4<0>, C4<0>;
L_0x14f8900 .functor AND 1, L_0x14f8560, L_0x14f8020, C4<1>, C4<1>;
v0x14f0710_0 .net "a", 0 0, L_0x14f8560;  alias, 1 drivers
v0x14f07e0_0 .net "b", 0 0, L_0x14f8020;  alias, 1 drivers
v0x14f08d0_0 .net "cout", 0 0, L_0x14f8900;  alias, 1 drivers
v0x14f0970_0 .net "s", 0 0, L_0x14f8770;  alias, 1 drivers
S_0x14f1140 .scope module, "a1" "fulladder" 3 41, 3 20 0, S_0x14ef910;
 .timescale -9 -12;
    .port_info 0 /INPUT 1 "cin";
    .port_info 1 /INPUT 1 "a";
    .port_info 2 /INPUT 1 "b";
    .port_info 3 /OUTPUT 1 "s";
    .port_info 4 /OUTPUT 1 "cout";
L_0x14f90f0 .functor OR 1, L_0x14f8e40, L_0x14f9060, C4<0>, C4<0>;
v0x14f2030_0 .net "a", 0 0, L_0x14f91f0;  1 drivers
v0x14f20f0_0 .net "b", 0 0, L_0x14f9320;  1 drivers
v0x14f21c0_0 .net "cin", 0 0, L_0x14f8aa0;  alias, 1 drivers
v0x14f22e0_0 .net "cout", 0 0, L_0x14f90f0;  alias, 1 drivers
v0x14f2380_0 .net "cout_tmp1", 0 0, L_0x14f8e40;  1 drivers
v0x14f2470_0 .net "cout_tmp2", 0 0, L_0x14f9060;  1 drivers
v0x14f2510_0 .net "s", 0 0, L_0x14f8ed0;  1 drivers
v0x14f25e0_0 .net "s_tmp", 0 0, L_0x14f8db0;  1 drivers
S_0x14f13c0 .scope module, "h0" "halfadder" 3 27, 3 10 0, S_0x14f1140;
 .timescale -9 -12;
    .port_info 0 /INPUT 1 "a";
    .port_info 1 /INPUT 1 "b";
    .port_info 2 /OUTPUT 1 "s";
    .port_info 3 /OUTPUT 1 "cout";
L_0x14f8db0 .functor XOR 1, L_0x14f91f0, L_0x14f9320, C4<0>, C4<0>;
L_0x14f8e40 .functor AND 1, L_0x14f91f0, L_0x14f9320, C4<1>, C4<1>;
v0x14f1640_0 .net "a", 0 0, L_0x14f91f0;  alias, 1 drivers
v0x14f1720_0 .net "b", 0 0, L_0x14f9320;  alias, 1 drivers
v0x14f17e0_0 .net "cout", 0 0, L_0x14f8e40;  alias, 1 drivers
v0x14f18b0_0 .net "s", 0 0, L_0x14f8db0;  alias, 1 drivers
S_0x14f1a20 .scope module, "h1" "halfadder" 3 28, 3 10 0, S_0x14f1140;
 .timescale -9 -12;
    .port_info 0 /INPUT 1 "a";
    .port_info 1 /INPUT 1 "b";
    .port_info 2 /OUTPUT 1 "s";
    .port_info 3 /OUTPUT 1 "cout";
L_0x14f8ed0 .functor XOR 1, L_0x14f8db0, L_0x14f8aa0, C4<0>, C4<0>;
L_0x14f9060 .functor AND 1, L_0x14f8db0, L_0x14f8aa0, C4<1>, C4<1>;
v0x14f1c90_0 .net "a", 0 0, L_0x14f8db0;  alias, 1 drivers
v0x14f1d60_0 .net "b", 0 0, L_0x14f8aa0;  alias, 1 drivers
v0x14f1e30_0 .net "cout", 0 0, L_0x14f9060;  alias, 1 drivers
v0x14f1f00_0 .net "s", 0 0, L_0x14f8ed0;  alias, 1 drivers
    .scope S_0x14bd7e0;
T_1 ;
    %vpi_call 2 52 "$dumpfile", "rca.vcd" {0 0 0};
    %vpi_call 2 53 "$dumpvars" {0 0 0};
    %pushi/vec4 0, 0, 1;
    %store/vec4 v0x14f4000_0, 0, 1;
    %pushi/vec4 0, 0, 1;
    %store/vec4 v0x14f4780_0, 0, 1;
    %pushi/vec4 0, 0, 32;
    %store/vec4 v0x14f4a30_0, 0, 32;
    %pushi/vec4 0, 0, 32;
    %store/vec4 v0x14f51c0_0, 0, 32;
    %delay 100000, 0;
    %pushi/vec4 0, 0, 32;
    %store/vec4 v0x14f50e0_0, 0, 32;
T_1.0 ;
    %load/vec4 v0x14f50e0_0;
    %cmpi/s 3, 0, 32;
    %flag_or 5, 4;
    %jmp/0xz T_1.1, 5;
    %load/vec4 v0x14f50e0_0;
    %parti/s 1, 0, 2;
    %store/vec4 v0x14f4000_0, 0, 1;
    %load/vec4 v0x14f50e0_0;
    %parti/s 1, 1, 2;
    %store/vec4 v0x14f4780_0, 0, 1;
    %delay 6000, 0;
    %load/vec4 v0x14f51c0_0;
    %addi 2, 0, 32;
    %store/vec4 v0x14f51c0_0, 0, 32;
    %load/vec4 v0x14f50e0_0;
    %dup/vec4;
    %pushi/vec4 0, 0, 32;
    %cmp/u;
    %jmp/1 T_1.2, 6;
    %dup/vec4;
    %pushi/vec4 3, 0, 32;
    %cmp/u;
    %jmp/1 T_1.3, 6;
    %dup/vec4;
    %pushi/vec4 1, 0, 32;
    %cmp/u;
    %jmp/1 T_1.4, 6;
    %dup/vec4;
    %pushi/vec4 2, 0, 32;
    %cmp/u;
    %jmp/1 T_1.5, 6;
    %jmp T_1.6;
T_1.2 ;
    %load/vec4 v0x14f45e0_0;
    %pad/u 32;
    %cmpi/ne 0, 0, 32;
    %jmp/0xz  T_1.7, 6;
    %load/vec4 v0x14f4a30_0;
    %cmpi/s 15, 0, 32;
    %jmp/0xz  T_1.9, 5;
    %vpi_call 2 78 "$display", "[halfadder] ERROR: %b + %b should produce sum=0 but was %b instead", v0x14f4000_0, v0x14f4780_0, v0x14f45e0_0 {0 0 0};
T_1.9 ;
    %load/vec4 v0x14f4a30_0;
    %addi 1, 0, 32;
    %store/vec4 v0x14f4a30_0, 0, 32;
T_1.7 ;
    %jmp T_1.6;
T_1.3 ;
    %load/vec4 v0x14f45e0_0;
    %pad/u 32;
    %cmpi/ne 0, 0, 32;
    %jmp/0xz  T_1.11, 6;
    %load/vec4 v0x14f4a30_0;
    %cmpi/s 15, 0, 32;
    %jmp/0xz  T_1.13, 5;
    %vpi_call 2 78 "$display", "[halfadder] ERROR: %b + %b should produce sum=0 but was %b instead", v0x14f4000_0, v0x14f4780_0, v0x14f45e0_0 {0 0 0};
T_1.13 ;
    %load/vec4 v0x14f4a30_0;
    %addi 1, 0, 32;
    %store/vec4 v0x14f4a30_0, 0, 32;
T_1.11 ;
    %jmp T_1.6;
T_1.4 ;
    %load/vec4 v0x14f45e0_0;
    %pad/u 32;
    %cmpi/ne 1, 0, 32;
    %jmp/0xz  T_1.15, 6;
    %load/vec4 v0x14f4a30_0;
    %cmpi/s 15, 0, 32;
    %jmp/0xz  T_1.17, 5;
    %vpi_call 2 85 "$display", "[halfadder] ERROR: %b + %b should produce sum=1 but was %b instead", v0x14f4000_0, v0x14f4780_0, v0x14f45e0_0 {0 0 0};
T_1.17 ;
    %load/vec4 v0x14f4a30_0;
    %addi 1, 0, 32;
    %store/vec4 v0x14f4a30_0, 0, 32;
T_1.15 ;
    %jmp T_1.6;
T_1.5 ;
    %load/vec4 v0x14f45e0_0;
    %pad/u 32;
    %cmpi/ne 1, 0, 32;
    %jmp/0xz  T_1.19, 6;
    %load/vec4 v0x14f4a30_0;
    %cmpi/s 15, 0, 32;
    %jmp/0xz  T_1.21, 5;
    %vpi_call 2 85 "$display", "[halfadder] ERROR: %b + %b should produce sum=1 but was %b instead", v0x14f4000_0, v0x14f4780_0, v0x14f45e0_0 {0 0 0};
T_1.21 ;
    %load/vec4 v0x14f4a30_0;
    %addi 1, 0, 32;
    %store/vec4 v0x14f4a30_0, 0, 32;
T_1.19 ;
    %jmp T_1.6;
T_1.6 ;
    %pop/vec4 1;
    %load/vec4 v0x14f50e0_0;
    %cmpi/s 3, 0, 32;
    %flag_get/vec4 5;
    %pushi/vec4 0, 0, 32;
    %load/vec4 v0x14f4540_0;
    %pad/u 32;
    %cmp/ne;
    %flag_get/vec4 6;
    %and;
    %flag_set/vec4 8;
    %jmp/0xz  T_1.23, 8;
    %load/vec4 v0x14f4a30_0;
    %cmpi/s 15, 0, 32;
    %jmp/0xz  T_1.25, 5;
    %vpi_call 2 94 "$display", "[halfadder] ERROR: %b + %b should produce cout=0 but was %b instead", v0x14f4000_0, v0x14f4780_0, v0x14f4540_0 {0 0 0};
T_1.25 ;
    %load/vec4 v0x14f4a30_0;
    %addi 1, 0, 32;
    %store/vec4 v0x14f4a30_0, 0, 32;
T_1.23 ;
    %load/vec4 v0x14f50e0_0;
    %pushi/vec4 3, 0, 32;
    %cmp/e;
    %flag_get/vec4 4;
    %pushi/vec4 1, 0, 32;
    %load/vec4 v0x14f4540_0;
    %pad/u 32;
    %cmp/ne;
    %flag_get/vec4 6;
    %and;
    %flag_set/vec4 8;
    %jmp/0xz  T_1.27, 8;
    %load/vec4 v0x14f4a30_0;
    %cmpi/s 15, 0, 32;
    %jmp/0xz  T_1.29, 5;
    %vpi_call 2 100 "$display", "[halfadder] ERROR: %b + %b should produce cout=1 but was %b instead", v0x14f4000_0, v0x14f4780_0, v0x14f4540_0 {0 0 0};
T_1.29 ;
    %load/vec4 v0x14f4a30_0;
    %addi 1, 0, 32;
    %store/vec4 v0x14f4a30_0, 0, 32;
T_1.27 ;
    %load/vec4 v0x14f50e0_0;
    %addi 1, 0, 32;
    %store/vec4 v0x14f50e0_0, 0, 32;
    %jmp T_1.0;
T_1.1 ;
    %pushi/vec4 0, 0, 32;
    %store/vec4 v0x14f50e0_0, 0, 32;
T_1.31 ;
    %load/vec4 v0x14f50e0_0;
    %cmpi/s 7, 0, 32;
    %flag_or 5, 4;
    %jmp/0xz T_1.32, 5;
    %load/vec4 v0x14f50e0_0;
    %parti/s 1, 0, 2;
    %store/vec4 v0x14f4000_0, 0, 1;
    %load/vec4 v0x14f50e0_0;
    %parti/s 1, 1, 2;
    %store/vec4 v0x14f4780_0, 0, 1;
    %load/vec4 v0x14f50e0_0;
    %parti/s 1, 2, 3;
    %store/vec4 v0x14f4990_0, 0, 1;
    %delay 6000, 0;
    %load/vec4 v0x14f51c0_0;
    %addi 2, 0, 32;
    %store/vec4 v0x14f51c0_0, 0, 32;
    %load/vec4 v0x14f4e80_0;
    %load/vec4 v0x14f4380_0;
    %cmp/ne;
    %jmp/0xz  T_1.33, 6;
    %load/vec4 v0x14f4a30_0;
    %cmpi/s 15, 0, 32;
    %jmp/0xz  T_1.35, 5;
    %vpi_call 2 120 "$display", "[fulladder] ERROR: %b + %b should produce cout=%b but was %b instead", v0x14f4000_0, v0x14f4780_0, v0x14f4e80_0, v0x14f4380_0 {0 0 0};
T_1.35 ;
    %load/vec4 v0x14f4a30_0;
    %addi 1, 0, 32;
    %store/vec4 v0x14f4a30_0, 0, 32;
T_1.33 ;
    %load/vec4 v0x14f4f40_0;
    %load/vec4 v0x14f4450_0;
    %cmp/ne;
    %jmp/0xz  T_1.37, 6;
    %load/vec4 v0x14f4a30_0;
    %cmpi/s 15, 0, 32;
    %jmp/0xz  T_1.39, 5;
    %vpi_call 2 126 "$display", "[fulladder] ERROR: %b + %b should produce sum=%b but was %b instead", v0x14f4000_0, v0x14f4780_0, v0x14f4f40_0, v0x14f4450_0 {0 0 0};
T_1.39 ;
    %load/vec4 v0x14f4a30_0;
    %addi 1, 0, 32;
    %store/vec4 v0x14f4a30_0, 0, 32;
T_1.37 ;
    %load/vec4 v0x14f50e0_0;
    %addi 1, 0, 32;
    %store/vec4 v0x14f50e0_0, 0, 32;
    %jmp T_1.31;
T_1.32 ;
    %pushi/vec4 0, 0, 32;
    %store/vec4 v0x14f50e0_0, 0, 32;
T_1.41 ;
    %load/vec4 v0x14f50e0_0;
    %cmpi/s 31, 0, 32;
    %flag_or 5, 4;
    %jmp/0xz T_1.42, 5;
    %load/vec4 v0x14f50e0_0;
    %parti/s 2, 0, 2;
    %store/vec4 v0x14f40a0_0, 0, 2;
    %load/vec4 v0x14f50e0_0;
    %parti/s 2, 2, 3;
    %store/vec4 v0x14f4820_0, 0, 2;
    %load/vec4 v0x14f50e0_0;
    %parti/s 1, 4, 4;
    %store/vec4 v0x14f4990_0, 0, 1;
    %delay 6000, 0;
    %load/vec4 v0x14f51c0_0;
    %addi 2, 0, 32;
    %store/vec4 v0x14f51c0_0, 0, 32;
    %load/vec4 v0x14f4ad0_0;
    %load/vec4 v0x14f4220_0;
    %cmp/ne;
    %jmp/0xz  T_1.43, 6;
    %load/vec4 v0x14f4a30_0;
    %cmpi/s 15, 0, 32;
    %jmp/0xz  T_1.45, 5;
    %vpi_call 2 145 "$display", "[fulladder2] ERROR: %b + %b should produce cout=%b but was %b instead", v0x14f40a0_0, v0x14f4820_0, v0x14f4ad0_0, v0x14f4220_0 {0 0 0};
T_1.45 ;
    %load/vec4 v0x14f4a30_0;
    %addi 1, 0, 32;
    %store/vec4 v0x14f4a30_0, 0, 32;
T_1.43 ;
    %load/vec4 v0x14f4da0_0;
    %load/vec4 v0x14f42c0_0;
    %cmp/ne;
    %jmp/0xz  T_1.47, 6;
    %load/vec4 v0x14f4a30_0;
    %cmpi/s 15, 0, 32;
    %jmp/0xz  T_1.49, 5;
    %vpi_call 2 151 "$display", "[fulladder2] ERROR: %b + %b should produce sum=%b but was %b instead", v0x14f40a0_0, v0x14f4820_0, v0x14f4da0_0, v0x14f42c0_0 {0 0 0};
T_1.49 ;
    %load/vec4 v0x14f4a30_0;
    %addi 1, 0, 32;
    %store/vec4 v0x14f4a30_0, 0, 32;
T_1.47 ;
    %load/vec4 v0x14f50e0_0;
    %addi 1, 0, 32;
    %store/vec4 v0x14f50e0_0, 0, 32;
    %jmp T_1.41;
T_1.42 ;
    %pushi/vec4 0, 0, 32;
    %store/vec4 v0x14f50e0_0, 0, 32;
T_1.51 ;
    %load/vec4 v0x14f50e0_0;
    %cmpi/s 255, 0, 32;
    %flag_or 5, 4;
    %jmp/0xz T_1.52, 5;
    %load/vec4 v0x14f50e0_0;
    %parti/s 4, 0, 2;
    %store/vec4 v0x14f4160_0, 0, 4;
    %load/vec4 v0x14f50e0_0;
    %parti/s 4, 4, 4;
    %store/vec4 v0x14f48f0_0, 0, 4;
    %delay 6000, 0;
    %load/vec4 v0x14f51c0_0;
    %addi 1, 0, 32;
    %store/vec4 v0x14f51c0_0, 0, 32;
    %load/vec4 v0x14f5000_0;
    %pad/u 8;
    %load/vec4 v0x14f46b0_0;
    %cmp/ne;
    %jmp/0xz  T_1.53, 6;
    %load/vec4 v0x14f4a30_0;
    %cmpi/s 15, 0, 32;
    %jmp/0xz  T_1.55, 5;
    %vpi_call 2 170 "$display", "[rca4] ERROR: %b + %b should produce sum=%b but was %b instead", v0x14f4160_0, v0x14f48f0_0, v0x14f5000_0, v0x14f46b0_0 {0 0 0};
T_1.55 ;
    %load/vec4 v0x14f4a30_0;
    %addi 1, 0, 32;
    %store/vec4 v0x14f4a30_0, 0, 32;
T_1.53 ;
    %load/vec4 v0x14f50e0_0;
    %addi 1, 0, 32;
    %store/vec4 v0x14f50e0_0, 0, 32;
    %jmp T_1.51;
T_1.52 ;
    %load/vec4 v0x14f4a30_0;
    %cmpi/s 15, 0, 32;
    %flag_or 5, 4; GT is !LE
    %flag_inv 5;
    %jmp/0xz  T_1.57, 5;
    %load/vec4 v0x14f4a30_0;
    %subi 15, 0, 32;
    %vpi_call 2 177 "$display", "Additional %d errors NOT printed.", S<0,vec4,s32> {1 0 0};
T_1.57 ;
    %vpi_call 2 179 "$display", "Simulation finished: %d test cases %d errors", v0x14f51c0_0, v0x14f4a30_0 {0 0 0};
    %load/vec4 v0x14f51c0_0;
    %store/vec4 v0x14ec280_0, 0, 32;
    %load/vec4 v0x14f51c0_0;
    %load/vec4 v0x14f4a30_0;
    %sub;
    %store/vec4 v0x14ec180_0, 0, 32;
    %fork TD_test_adders.printPoints, S_0x14ebfa0;
    %join;
    %vpi_call 2 181 "$finish" {0 0 0};
    %end;
    .thread T_1;
# The file index is used to find the file name in the following table.
:file_names 5;
    "N/A";
    "<interactive>";
    "rca_testbench.v";
    "rca.v";
    "./print_points.v";
